2024-08-29 21:28:00,568 - Model - INFO - ----------
2024-08-29 21:28:00,568 - Model - INFO - params:{'model_type': 'HF1', 'em_drop': 0.3, 'rnn_drop': 0.4, 'rnn_rec_drop': 0.4, 'fc_drop': 0.2, 'batch_size': 50, 'epochs': 25, 'em_dim': 44, 'rnn_units': 140, 'fc_num_hidden_layers': 5, 'fc_num_units': 300, 'fc_activation': 4, 'optimizer': 0}
2024-08-29 21:28:00,569 - Model - INFO - spearman:0.008632424926281848
2024-08-29 22:55:37,142 - Model - INFO - ----------
2024-08-29 22:55:37,142 - Model - INFO - params:{'model_type': 'HF1', 'em_drop': 0.3, 'rnn_drop': 0.4, 'rnn_rec_drop': 0.6, 'fc_drop': 0.2, 'batch_size': 20, 'epochs': 50, 'em_dim': 52, 'rnn_units': 160, 'fc_num_hidden_layers': 2, 'fc_num_units': 240, 'fc_activation': 4, 'optimizer': 2}
2024-08-29 22:55:37,142 - Model - INFO - spearman:0.7901609506381717
2024-08-30 00:17:58,014 - Model - INFO - ----------
2024-08-30 00:17:58,014 - Model - INFO - params:{'model_type': 'HF1', 'em_drop': 0.3, 'rnn_drop': 0.1, 'rnn_rec_drop': 0.4, 'fc_drop': 0.4, 'batch_size': 30, 'epochs': 35, 'em_dim': 32, 'rnn_units': 100, 'fc_num_hidden_layers': 3, 'fc_num_units': 380, 'fc_activation': 2, 'optimizer': 0}
2024-08-30 00:17:58,014 - Model - INFO - spearman:0.6770258946414547
2024-08-30 01:25:39,791 - Model - INFO - ----------
2024-08-30 01:25:39,791 - Model - INFO - params:{'model_type': 'HF1', 'em_drop': 0.1, 'rnn_drop': 0.5, 'rnn_rec_drop': 0.4, 'fc_drop': 0.5, 'batch_size': 30, 'epochs': 35, 'em_dim': 48, 'rnn_units': 220, 'fc_num_hidden_layers': 1, 'fc_num_units': 240, 'fc_activation': 4, 'optimizer': 0}
2024-08-30 01:25:39,791 - Model - INFO - spearman:0.7650260873236391
2024-08-30 01:50:40,941 - Model - INFO - ----------
2024-08-30 01:50:40,941 - Model - INFO - params:{'model_type': 'HF1', 'em_drop': 0.1, 'rnn_drop': 0.4, 'rnn_rec_drop': 0.2, 'fc_drop': 0.2, 'batch_size': 60, 'epochs': 30, 'em_dim': 24, 'rnn_units': 80, 'fc_num_hidden_layers': 6, 'fc_num_units': 240, 'fc_activation': 2, 'optimizer': 2}
2024-08-30 01:50:40,941 - Model - INFO - spearman:0.6726240132343444
2024-08-30 02:28:12,540 - Model - INFO - ----------
2024-08-30 02:28:12,540 - Model - INFO - params:{'model_type': 'HF1', 'em_drop': 0.2, 'rnn_drop': 0.7, 'rnn_rec_drop': 0.1, 'fc_drop': 0.4, 'batch_size': 40, 'epochs': 20, 'em_dim': 48, 'rnn_units': 120, 'fc_num_hidden_layers': 6, 'fc_num_units': 200, 'fc_activation': 0, 'optimizer': 4}
2024-08-30 02:28:12,540 - Model - INFO - spearman:0.4756209030184233
2024-08-30 03:42:32,616 - Model - INFO - ----------
2024-08-30 03:42:32,616 - Model - INFO - params:{'model_type': 'HF1', 'em_drop': 0.3, 'rnn_drop': 0.4, 'rnn_rec_drop': 0.4, 'fc_drop': 0.1, 'batch_size': 50, 'epochs': 50, 'em_dim': 20, 'rnn_units': 200, 'fc_num_hidden_layers': 6, 'fc_num_units': 340, 'fc_activation': 3, 'optimizer': 1}
2024-08-30 03:42:32,616 - Model - INFO - spearman:-0.04194182514959854
2024-08-30 04:17:57,924 - Model - INFO - ----------
2024-08-30 04:17:57,924 - Model - INFO - params:{'model_type': 'HF1', 'em_drop': 0.2, 'rnn_drop': 0.5, 'rnn_rec_drop': 0.4, 'fc_drop': 0.1, 'batch_size': 90, 'epochs': 45, 'em_dim': 56, 'rnn_units': 60, 'fc_num_hidden_layers': 4, 'fc_num_units': 120, 'fc_activation': 1, 'optimizer': 3}
2024-08-30 04:17:57,924 - Model - INFO - spearman:0.44501638417489514
2024-08-30 04:46:19,303 - Model - INFO - ----------
2024-08-30 04:46:19,303 - Model - INFO - params:{'model_type': 'HF1', 'em_drop': 0.2, 'rnn_drop': 0.1, 'rnn_rec_drop': 0.4, 'fc_drop': 0.4, 'batch_size': 90, 'epochs': 35, 'em_dim': 48, 'rnn_units': 40, 'fc_num_hidden_layers': 4, 'fc_num_units': 400, 'fc_activation': 1, 'optimizer': 4}
2024-08-30 04:46:19,303 - Model - INFO - spearman:0.40670662736416785
2024-08-30 05:05:40,280 - Model - INFO - ----------
2024-08-30 05:05:40,281 - Model - INFO - params:{'model_type': 'HF1', 'em_drop': 0.1, 'rnn_drop': 0.2, 'rnn_rec_drop': 0.4, 'fc_drop': 0.2, 'batch_size': 50, 'epochs': 40, 'em_dim': 16, 'rnn_units': 120, 'fc_num_hidden_layers': 5, 'fc_num_units': 240, 'fc_activation': 0, 'optimizer': 6}
2024-08-30 05:05:40,281 - Model - INFO - spearman:0.6494964965839356
2024-08-30 05:21:56,349 - Model - INFO - ----------
2024-08-30 05:21:56,349 - Model - INFO - params:{'model_type': 'HF1', 'em_drop': 0.1, 'rnn_drop': 0.6, 'rnn_rec_drop': 0.1, 'fc_drop': 0.2, 'batch_size': 90, 'epochs': 20, 'em_dim': 48, 'rnn_units': 30, 'fc_num_hidden_layers': 4, 'fc_num_units': 70, 'fc_activation': 1, 'optimizer': 6}
2024-08-30 05:21:56,349 - Model - INFO - spearman:0.7816117165078929
2024-08-30 06:12:07,246 - Model - INFO - ----------
2024-08-30 06:12:07,246 - Model - INFO - params:{'model_type': 'HF1', 'em_drop': 0.3, 'rnn_drop': 0.6, 'rnn_rec_drop': 0.2, 'fc_drop': 0.4, 'batch_size': 80, 'epochs': 55, 'em_dim': 56, 'rnn_units': 70, 'fc_num_hidden_layers': 5, 'fc_num_units': 280, 'fc_activation': 1, 'optimizer': 4}
2024-08-30 06:12:07,246 - Model - INFO - spearman:0.4001308790310011
2024-08-30 06:44:39,451 - Model - INFO - ----------
2024-08-30 06:44:39,451 - Model - INFO - params:{'model_type': 'HF1', 'em_drop': 0.1, 'rnn_drop': 0.4, 'rnn_rec_drop': 0.6, 'fc_drop': 0.4, 'batch_size': 100, 'epochs': 45, 'em_dim': 36, 'rnn_units': 80, 'fc_num_hidden_layers': 4, 'fc_num_units': 360, 'fc_activation': 4, 'optimizer': 1}
2024-08-30 06:44:39,451 - Model - INFO - spearman:-0.05401621068122333
2024-08-30 07:48:00,406 - Model - INFO - ----------
2024-08-30 07:48:00,406 - Model - INFO - params:{'model_type': 'HF1', 'em_drop': 0.1, 'rnn_drop': 0.4, 'rnn_rec_drop': 0.1, 'fc_drop': 0.6, 'batch_size': 20, 'epochs': 50, 'em_dim': 40, 'rnn_units': 60, 'fc_num_hidden_layers': 1, 'fc_num_units': 200, 'fc_activation': 1, 'optimizer': 6}
2024-08-30 07:48:00,406 - Model - INFO - spearman:0.7688321139480893
2024-08-30 08:04:12,524 - Model - INFO - ----------
2024-08-30 08:04:12,524 - Model - INFO - params:{'model_type': 'HF1', 'em_drop': 0.2, 'rnn_drop': 0.5, 'rnn_rec_drop': 0.7, 'fc_drop': 0.2, 'batch_size': 100, 'epochs': 20, 'em_dim': 20, 'rnn_units': 240, 'fc_num_hidden_layers': 6, 'fc_num_units': 340, 'fc_activation': 0, 'optimizer': 3}
2024-08-30 08:04:12,524 - Model - INFO - spearman:0.4636612557398675
2024-08-30 08:09:07,361 - Model - INFO - ----------
2024-08-30 08:09:07,362 - Model - INFO - params:{'model_type': 'HF1', 'em_drop': 0.1, 'rnn_drop': 0.4, 'rnn_rec_drop': 0.7, 'fc_drop': 0.4, 'batch_size': 100, 'epochs': 20, 'em_dim': 56, 'rnn_units': 180, 'fc_num_hidden_layers': 5, 'fc_num_units': 280, 'fc_activation': 0, 'optimizer': 0}
2024-08-30 08:09:07,362 - Model - INFO - spearman:0.5963408685898679
2024-08-30 08:47:51,479 - Model - INFO - ----------
2024-08-30 08:47:51,479 - Model - INFO - params:{'model_type': 'HF1', 'em_drop': 0.1, 'rnn_drop': 0.2, 'rnn_rec_drop': 0.4, 'fc_drop': 0.2, 'batch_size': 100, 'epochs': 55, 'em_dim': 16, 'rnn_units': 90, 'fc_num_hidden_layers': 1, 'fc_num_units': 300, 'fc_activation': 3, 'optimizer': 1}
2024-08-30 08:47:51,479 - Model - INFO - spearman:0.33094333286311167
2024-08-30 09:36:13,088 - Model - INFO - ----------
2024-08-30 09:36:13,088 - Model - INFO - params:{'model_type': 'HF1', 'em_drop': 0.2, 'rnn_drop': 0.4, 'rnn_rec_drop': 0.4, 'fc_drop': 0.2, 'batch_size': 30, 'epochs': 25, 'em_dim': 52, 'rnn_units': 80, 'fc_num_hidden_layers': 1, 'fc_num_units': 320, 'fc_activation': 0, 'optimizer': 2}
2024-08-30 09:36:13,088 - Model - INFO - spearman:0.6469420181377965
2024-08-30 11:58:37,376 - Model - INFO - ----------
2024-08-30 11:58:37,376 - Model - INFO - params:{'model_type': 'HF1', 'em_drop': 0.3, 'rnn_drop': 0.4, 'rnn_rec_drop': 0.4, 'fc_drop': 0.1, 'batch_size': 20, 'epochs': 40, 'em_dim': 44, 'rnn_units': 20, 'fc_num_hidden_layers': 1, 'fc_num_units': 280, 'fc_activation': 0, 'optimizer': 4}
2024-08-30 11:58:37,376 - Model - INFO - spearman:0.46282230040188815
2024-08-30 12:23:00,126 - Model - INFO - ----------
2024-08-30 12:23:00,126 - Model - INFO - params:{'model_type': 'HF1', 'em_drop': 0.1, 'rnn_drop': 0.7, 'rnn_rec_drop': 0.1, 'fc_drop': 0.6, 'batch_size': 30, 'epochs': 50, 'em_dim': 24, 'rnn_units': 70, 'fc_num_hidden_layers': 2, 'fc_num_units': 50, 'fc_activation': 4, 'optimizer': 5}
2024-08-30 12:23:00,126 - Model - INFO - spearman:nan
2024-08-30 12:49:55,864 - Model - INFO - ----------
2024-08-30 12:49:55,865 - Model - INFO - params:{'model_type': 'HF1', 'em_drop': 0.3, 'rnn_drop': 0.5, 'rnn_rec_drop': 0.7, 'fc_drop': 0.7, 'batch_size': 30, 'epochs': 25, 'em_dim': 40, 'rnn_units': 80, 'fc_num_hidden_layers': 1, 'fc_num_units': 100, 'fc_activation': 3, 'optimizer': 2}
2024-08-30 12:49:55,865 - Model - INFO - spearman:0.5195485970407789
2024-08-30 14:30:35,785 - Model - INFO - ----------
2024-08-30 14:30:35,786 - Model - INFO - params:{'model_type': 'HF1', 'em_drop': 0.3, 'rnn_drop': 0.6, 'rnn_rec_drop': 0.1, 'fc_drop': 0.5, 'batch_size': 40, 'epochs': 55, 'em_dim': 48, 'rnn_units': 50, 'fc_num_hidden_layers': 4, 'fc_num_units': 200, 'fc_activation': 1, 'optimizer': 1}
2024-08-30 14:30:35,786 - Model - INFO - spearman:0.4071465922443344
2024-08-30 15:17:08,035 - Model - INFO - ----------
2024-08-30 15:17:08,035 - Model - INFO - params:{'model_type': 'HF1', 'em_drop': 0.2, 'rnn_drop': 0.4, 'rnn_rec_drop': 0.7, 'fc_drop': 0.4, 'batch_size': 30, 'epochs': 35, 'em_dim': 48, 'rnn_units': 60, 'fc_num_hidden_layers': 2, 'fc_num_units': 260, 'fc_activation': 4, 'optimizer': 0}
2024-08-30 15:17:08,035 - Model - INFO - spearman:nan
2024-08-30 15:38:00,806 - Model - INFO - ----------
2024-08-30 15:38:00,807 - Model - INFO - params:{'model_type': 'HF1', 'em_drop': 0.2, 'rnn_drop': 0.4, 'rnn_rec_drop': 0.2, 'fc_drop': 0.4, 'batch_size': 100, 'epochs': 35, 'em_dim': 48, 'rnn_units': 140, 'fc_num_hidden_layers': 1, 'fc_num_units': 50, 'fc_activation': 2, 'optimizer': 0}
2024-08-30 15:38:00,807 - Model - INFO - spearman:0.6444738563253645
2024-08-30 15:45:29,070 - Model - INFO - ----------
2024-08-30 15:45:29,070 - Model - INFO - params:{'model_type': 'HF1', 'em_drop': 0.1, 'rnn_drop': 0.4, 'rnn_rec_drop': 0.4, 'fc_drop': 0.2, 'batch_size': 60, 'epochs': 30, 'em_dim': 64, 'rnn_units': 140, 'fc_num_hidden_layers': 6, 'fc_num_units': 60, 'fc_activation': 3, 'optimizer': 6}
2024-08-30 15:45:29,070 - Model - INFO - spearman:-0.0025477786575238163
2024-08-30 16:25:24,666 - Model - INFO - ----------
2024-08-30 16:25:24,667 - Model - INFO - params:{'model_type': 'HF1', 'em_drop': 0.3, 'rnn_drop': 0.7, 'rnn_rec_drop': 0.5, 'fc_drop': 0.2, 'batch_size': 100, 'epochs': 55, 'em_dim': 48, 'rnn_units': 50, 'fc_num_hidden_layers': 6, 'fc_num_units': 220, 'fc_activation': 1, 'optimizer': 1}
2024-08-30 16:25:24,667 - Model - INFO - spearman:0.3569447325474877
2024-08-30 16:38:41,906 - Model - INFO - ----------
2024-08-30 16:38:41,906 - Model - INFO - params:{'model_type': 'HF1', 'em_drop': 0.3, 'rnn_drop': 0.6, 'rnn_rec_drop': 0.4, 'fc_drop': 0.5, 'batch_size': 80, 'epochs': 55, 'em_dim': 20, 'rnn_units': 30, 'fc_num_hidden_layers': 6, 'fc_num_units': 100, 'fc_activation': 3, 'optimizer': 2}
2024-08-30 16:38:41,906 - Model - INFO - spearman:0.0025523450228582263
2024-08-30 17:11:02,184 - Model - INFO - ----------
2024-08-30 17:11:02,184 - Model - INFO - params:{'model_type': 'HF1', 'em_drop': 0.2, 'rnn_drop': 0.4, 'rnn_rec_drop': 0.4, 'fc_drop': 0.1, 'batch_size': 90, 'epochs': 40, 'em_dim': 40, 'rnn_units': 60, 'fc_num_hidden_layers': 3, 'fc_num_units': 180, 'fc_activation': 0, 'optimizer': 4}
2024-08-30 17:11:02,184 - Model - INFO - spearman:0.4325357624041973
2024-08-30 17:29:38,318 - Model - INFO - ----------
2024-08-30 17:29:38,318 - Model - INFO - params:{'model_type': 'HF1', 'em_drop': 0.2, 'rnn_drop': 0.5, 'rnn_rec_drop': 0.6, 'fc_drop': 0.4, 'batch_size': 80, 'epochs': 20, 'em_dim': 68, 'rnn_units': 160, 'fc_num_hidden_layers': 1, 'fc_num_units': 300, 'fc_activation': 1, 'optimizer': 5}
2024-08-30 17:29:38,318 - Model - INFO - spearman:0.7824801912324466
2024-08-30 18:24:16,689 - Model - INFO - ----------
2024-08-30 18:24:16,689 - Model - INFO - params:{'model_type': 'HF1', 'em_drop': 0.3, 'rnn_drop': 0.4, 'rnn_rec_drop': 0.7, 'fc_drop': 0.4, 'batch_size': 30, 'epochs': 20, 'em_dim': 28, 'rnn_units': 80, 'fc_num_hidden_layers': 4, 'fc_num_units': 400, 'fc_activation': 1, 'optimizer': 3}
2024-08-30 18:24:16,689 - Model - INFO - spearman:0.44034995061467636
2024-08-30 18:48:05,538 - Model - INFO - ----------
2024-08-30 18:48:05,538 - Model - INFO - params:{'model_type': 'HF1', 'em_drop': 0.3, 'rnn_drop': 0.6, 'rnn_rec_drop': 0.4, 'fc_drop': 0.4, 'batch_size': 100, 'epochs': 45, 'em_dim': 48, 'rnn_units': 140, 'fc_num_hidden_layers': 1, 'fc_num_units': 50, 'fc_activation': 1, 'optimizer': 2}
2024-08-30 18:48:05,538 - Model - INFO - spearman:0.7476058188579486
2024-08-30 20:09:00,112 - Model - INFO - ----------
2024-08-30 20:09:00,112 - Model - INFO - params:{'model_type': 'HF1', 'em_drop': 0.1, 'rnn_drop': 0.4, 'rnn_rec_drop': 0.1, 'fc_drop': 0.2, 'batch_size': 20, 'epochs': 20, 'em_dim': 48, 'rnn_units': 80, 'fc_num_hidden_layers': 1, 'fc_num_units': 320, 'fc_activation': 4, 'optimizer': 6}
2024-08-30 20:09:00,112 - Model - INFO - spearman:0.7689157815339875
2024-08-30 20:31:41,511 - Model - INFO - ----------
2024-08-30 20:31:41,512 - Model - INFO - params:{'model_type': 'HF1', 'em_drop': 0.2, 'rnn_drop': 0.1, 'rnn_rec_drop': 0.6, 'fc_drop': 0.6, 'batch_size': 90, 'epochs': 25, 'em_dim': 56, 'rnn_units': 30, 'fc_num_hidden_layers': 2, 'fc_num_units': 80, 'fc_activation': 4, 'optimizer': 4}
2024-08-30 20:31:41,512 - Model - INFO - spearman:-0.03348742974730075
2024-08-30 20:54:42,291 - Model - INFO - ----------
2024-08-30 20:54:42,291 - Model - INFO - params:{'model_type': 'HF1', 'em_drop': 0.3, 'rnn_drop': 0.7, 'rnn_rec_drop': 0.5, 'fc_drop': 0.6, 'batch_size': 80, 'epochs': 35, 'em_dim': 68, 'rnn_units': 160, 'fc_num_hidden_layers': 4, 'fc_num_units': 300, 'fc_activation': 1, 'optimizer': 5}
2024-08-30 20:54:42,291 - Model - INFO - spearman:0.7739942816326896
2024-08-30 21:55:40,350 - Model - INFO - ----------
2024-08-30 21:55:40,351 - Model - INFO - params:{'model_type': 'HF1', 'em_drop': 0.2, 'rnn_drop': 0.5, 'rnn_rec_drop': 0.5, 'fc_drop': 0.2, 'batch_size': 40, 'epochs': 30, 'em_dim': 56, 'rnn_units': 70, 'fc_num_hidden_layers': 2, 'fc_num_units': 320, 'fc_activation': 0, 'optimizer': 1}
2024-08-30 21:55:40,351 - Model - INFO - spearman:0.5306657055126521
2024-08-30 23:43:36,245 - Model - INFO - ----------
2024-08-30 23:43:36,245 - Model - INFO - params:{'model_type': 'HF1', 'em_drop': 0.2, 'rnn_drop': 0.7, 'rnn_rec_drop': 0.5, 'fc_drop': 0.1, 'batch_size': 20, 'epochs': 50, 'em_dim': 20, 'rnn_units': 60, 'fc_num_hidden_layers': 1, 'fc_num_units': 200, 'fc_activation': 0, 'optimizer': 2}
2024-08-30 23:43:36,245 - Model - INFO - spearman:0.6728952314715438
2024-08-30 23:55:47,552 - Model - INFO - ----------
2024-08-30 23:55:47,552 - Model - INFO - params:{'model_type': 'HF1', 'em_drop': 0.2, 'rnn_drop': 0.4, 'rnn_rec_drop': 0.5, 'fc_drop': 0.4, 'batch_size': 90, 'epochs': 45, 'em_dim': 44, 'rnn_units': 20, 'fc_num_hidden_layers': 2, 'fc_num_units': 70, 'fc_activation': 2, 'optimizer': 6}
2024-08-30 23:55:47,552 - Model - INFO - spearman:0.6528594291091507
2024-08-31 00:22:48,580 - Model - INFO - ----------
2024-08-31 00:22:48,580 - Model - INFO - params:{'model_type': 'HF1', 'em_drop': 0.3, 'rnn_drop': 0.1, 'rnn_rec_drop': 0.1, 'fc_drop': 0.4, 'batch_size': 70, 'epochs': 50, 'em_dim': 60, 'rnn_units': 160, 'fc_num_hidden_layers': 1, 'fc_num_units': 300, 'fc_activation': 3, 'optimizer': 2}
2024-08-31 00:22:48,580 - Model - INFO - spearman:0.7494188043765115
2024-08-31 01:01:25,090 - Model - INFO - ----------
2024-08-31 01:01:25,090 - Model - INFO - params:{'model_type': 'HF1', 'em_drop': 0.1, 'rnn_drop': 0.4, 'rnn_rec_drop': 0.4, 'fc_drop': 0.4, 'batch_size': 40, 'epochs': 50, 'em_dim': 32, 'rnn_units': 80, 'fc_num_hidden_layers': 2, 'fc_num_units': 220, 'fc_activation': 2, 'optimizer': 5}
2024-08-31 01:01:25,090 - Model - INFO - spearman:0.6487892223712993
2024-08-31 03:17:17,257 - Model - INFO - ----------
2024-08-31 03:17:17,257 - Model - INFO - params:{'model_type': 'HF1', 'em_drop': 0.3, 'rnn_drop': 0.6, 'rnn_rec_drop': 0.6, 'fc_drop': 0.7, 'batch_size': 30, 'epochs': 55, 'em_dim': 52, 'rnn_units': 70, 'fc_num_hidden_layers': 5, 'fc_num_units': 200, 'fc_activation': 2, 'optimizer': 1}
2024-08-31 03:17:17,257 - Model - INFO - spearman:0.4136814370616767
2024-08-31 04:30:26,167 - Model - INFO - ----------
2024-08-31 04:30:26,167 - Model - INFO - params:{'model_type': 'HF1', 'em_drop': 0.2, 'rnn_drop': 0.4, 'rnn_rec_drop': 0.4, 'fc_drop': 0.1, 'batch_size': 20, 'epochs': 20, 'em_dim': 60, 'rnn_units': 30, 'fc_num_hidden_layers': 4, 'fc_num_units': 220, 'fc_activation': 1, 'optimizer': 1}
2024-08-31 04:30:26,167 - Model - INFO - spearman:0.4867530770616773
2024-08-31 04:45:49,716 - Model - INFO - ----------
2024-08-31 04:45:49,716 - Model - INFO - params:{'model_type': 'HF1', 'em_drop': 0.1, 'rnn_drop': 0.7, 'rnn_rec_drop': 0.7, 'fc_drop': 0.6, 'batch_size': 90, 'epochs': 25, 'em_dim': 64, 'rnn_units': 30, 'fc_num_hidden_layers': 4, 'fc_num_units': 240, 'fc_activation': 1, 'optimizer': 6}
2024-08-31 04:45:49,716 - Model - INFO - spearman:0.7535012337536848
2024-08-31 05:10:52,083 - Model - INFO - ----------
2024-08-31 05:10:52,083 - Model - INFO - params:{'model_type': 'HF1', 'em_drop': 0.2, 'rnn_drop': 0.6, 'rnn_rec_drop': 0.2, 'fc_drop': 0.4, 'batch_size': 100, 'epochs': 35, 'em_dim': 68, 'rnn_units': 30, 'fc_num_hidden_layers': 1, 'fc_num_units': 240, 'fc_activation': 4, 'optimizer': 3}
2024-08-31 05:10:52,083 - Model - INFO - spearman:0.33246347279263916
2024-08-31 05:27:12,418 - Model - INFO - ----------
2024-08-31 05:27:12,418 - Model - INFO - params:{'model_type': 'HF1', 'em_drop': 0.1, 'rnn_drop': 0.4, 'rnn_rec_drop': 0.4, 'fc_drop': 0.4, 'batch_size': 90, 'epochs': 20, 'em_dim': 28, 'rnn_units': 100, 'fc_num_hidden_layers': 1, 'fc_num_units': 240, 'fc_activation': 4, 'optimizer': 2}
2024-08-31 05:27:12,418 - Model - INFO - spearman:0.711205218600412
2024-08-31 06:29:24,271 - Model - INFO - ----------
2024-08-31 06:29:24,271 - Model - INFO - params:{'model_type': 'HF1', 'em_drop': 0.3, 'rnn_drop': 0.1, 'rnn_rec_drop': 0.5, 'fc_drop': 0.1, 'batch_size': 20, 'epochs': 30, 'em_dim': 44, 'rnn_units': 40, 'fc_num_hidden_layers': 1, 'fc_num_units': 90, 'fc_activation': 2, 'optimizer': 5}
2024-08-31 06:29:24,272 - Model - INFO - spearman:0.6498168518256658
2024-08-31 09:12:52,500 - Model - INFO - ----------
2024-08-31 09:12:52,500 - Model - INFO - params:{'model_type': 'HF1', 'em_drop': 0.1, 'rnn_drop': 0.1, 'rnn_rec_drop': 0.5, 'fc_drop': 0.2, 'batch_size': 20, 'epochs': 45, 'em_dim': 60, 'rnn_units': 80, 'fc_num_hidden_layers': 1, 'fc_num_units': 240, 'fc_activation': 0, 'optimizer': 5}
2024-08-31 09:12:52,500 - Model - INFO - spearman:0.7225667470061911
2024-08-31 11:55:23,335 - Model - INFO - ----------
2024-08-31 11:55:23,335 - Model - INFO - params:{'model_type': 'HF1', 'em_drop': 0.3, 'rnn_drop': 0.2, 'rnn_rec_drop': 0.5, 'fc_drop': 0.2, 'batch_size': 20, 'epochs': 45, 'em_dim': 68, 'rnn_units': 70, 'fc_num_hidden_layers': 1, 'fc_num_units': 240, 'fc_activation': 0, 'optimizer': 3}
2024-08-31 11:55:23,335 - Model - INFO - spearman:0.5945449337288095
2024-08-31 12:31:51,083 - Model - INFO - ----------
2024-08-31 12:31:51,083 - Model - INFO - params:{'model_type': 'HF1', 'em_drop': 0.3, 'rnn_drop': 0.2, 'rnn_rec_drop': 0.7, 'fc_drop': 0.4, 'batch_size': 30, 'epochs': 30, 'em_dim': 56, 'rnn_units': 80, 'fc_num_hidden_layers': 2, 'fc_num_units': 240, 'fc_activation': 1, 'optimizer': 2}
2024-08-31 12:31:51,083 - Model - INFO - spearman:0.785569407386366
2024-08-31 13:08:12,928 - Model - INFO - ----------
2024-08-31 13:08:12,928 - Model - INFO - params:{'model_type': 'HF1', 'em_drop': 0.3, 'rnn_drop': 0.5, 'rnn_rec_drop': 0.4, 'fc_drop': 0.2, 'batch_size': 40, 'epochs': 20, 'em_dim': 56, 'rnn_units': 70, 'fc_num_hidden_layers': 4, 'fc_num_units': 240, 'fc_activation': 2, 'optimizer': 4}
2024-08-31 13:08:12,928 - Model - INFO - spearman:0.4850621212790496
2024-08-31 13:25:15,282 - Model - INFO - ----------
2024-08-31 13:25:15,282 - Model - INFO - params:{'model_type': 'HF1', 'em_drop': 0.2, 'rnn_drop': 0.4, 'rnn_rec_drop': 0.4, 'fc_drop': 0.6, 'batch_size': 90, 'epochs': 20, 'em_dim': 52, 'rnn_units': 160, 'fc_num_hidden_layers': 4, 'fc_num_units': 180, 'fc_activation': 2, 'optimizer': 4}
2024-08-31 13:25:15,282 - Model - INFO - spearman:0.4416815345594927
2024-08-31 14:23:36,288 - Model - INFO - ----------
2024-08-31 14:23:36,288 - Model - INFO - params:{'model_type': 'HF1', 'em_drop': 0.1, 'rnn_drop': 0.1, 'rnn_rec_drop': 0.4, 'fc_drop': 0.6, 'batch_size': 30, 'epochs': 50, 'em_dim': 56, 'rnn_units': 60, 'fc_num_hidden_layers': 1, 'fc_num_units': 240, 'fc_activation': 4, 'optimizer': 0}
2024-08-31 14:23:36,288 - Model - INFO - spearman:0.7595688637568262
2024-08-31 15:21:04,029 - Model - INFO - ----------
2024-08-31 15:21:04,029 - Model - INFO - params:{'model_type': 'HF1', 'em_drop': 0.3, 'rnn_drop': 0.4, 'rnn_rec_drop': 0.6, 'fc_drop': 0.7, 'batch_size': 50, 'epochs': 40, 'em_dim': 40, 'rnn_units': 100, 'fc_num_hidden_layers': 1, 'fc_num_units': 70, 'fc_activation': 1, 'optimizer': 6}
2024-08-31 15:21:04,029 - Model - INFO - spearman:0.739781014120241
2024-08-31 16:19:45,984 - Model - INFO - ----------
2024-08-31 16:19:45,984 - Model - INFO - params:{'model_type': 'HF1', 'em_drop': 0.2, 'rnn_drop': 0.5, 'rnn_rec_drop': 0.2, 'fc_drop': 0.4, 'batch_size': 50, 'epochs': 45, 'em_dim': 44, 'rnn_units': 220, 'fc_num_hidden_layers': 1, 'fc_num_units': 160, 'fc_activation': 1, 'optimizer': 6}
2024-08-31 16:19:45,984 - Model - INFO - spearman:0.7878412271131386
2024-08-31 16:47:59,230 - Model - INFO - ----------
2024-08-31 16:47:59,231 - Model - INFO - params:{'model_type': 'HF1', 'em_drop': 0.2, 'rnn_drop': 0.5, 'rnn_rec_drop': 0.4, 'fc_drop': 0.4, 'batch_size': 50, 'epochs': 20, 'em_dim': 64, 'rnn_units': 60, 'fc_num_hidden_layers': 1, 'fc_num_units': 320, 'fc_activation': 3, 'optimizer': 5}
2024-08-31 16:47:59,231 - Model - INFO - spearman:0.7719112516576744
2024-08-31 17:23:04,134 - Model - INFO - ----------
2024-08-31 17:23:04,135 - Model - INFO - params:{'model_type': 'HF1', 'em_drop': 0.1, 'rnn_drop': 0.5, 'rnn_rec_drop': 0.4, 'fc_drop': 0.6, 'batch_size': 100, 'epochs': 45, 'em_dim': 20, 'rnn_units': 220, 'fc_num_hidden_layers': 2, 'fc_num_units': 90, 'fc_activation': 3, 'optimizer': 3}
2024-08-31 17:23:04,135 - Model - INFO - spearman:-0.1420185411207328
2024-08-31 18:00:09,174 - Model - INFO - ----------
2024-08-31 18:00:09,174 - Model - INFO - params:{'model_type': 'HF1', 'em_drop': 0.1, 'rnn_drop': 0.1, 'rnn_rec_drop': 0.4, 'fc_drop': 0.2, 'batch_size': 40, 'epochs': 20, 'em_dim': 36, 'rnn_units': 60, 'fc_num_hidden_layers': 5, 'fc_num_units': 320, 'fc_activation': 4, 'optimizer': 2}
2024-08-31 18:00:09,174 - Model - INFO - spearman:nan
2024-08-31 18:29:45,019 - Model - INFO - ----------
2024-08-31 18:29:45,019 - Model - INFO - params:{'model_type': 'HF1', 'em_drop': 0.3, 'rnn_drop': 0.6, 'rnn_rec_drop': 0.5, 'fc_drop': 0.1, 'batch_size': 80, 'epochs': 30, 'em_dim': 40, 'rnn_units': 240, 'fc_num_hidden_layers': 2, 'fc_num_units': 120, 'fc_activation': 1, 'optimizer': 4}
2024-08-31 18:29:45,019 - Model - INFO - spearman:0.38535306514150386
2024-08-31 19:19:14,140 - Model - INFO - ----------
2024-08-31 19:19:14,140 - Model - INFO - params:{'model_type': 'HF1', 'em_drop': 0.2, 'rnn_drop': 0.6, 'rnn_rec_drop': 0.2, 'fc_drop': 0.6, 'batch_size': 50, 'epochs': 35, 'em_dim': 56, 'rnn_units': 100, 'fc_num_hidden_layers': 5, 'fc_num_units': 60, 'fc_activation': 2, 'optimizer': 1}
2024-08-31 19:19:14,140 - Model - INFO - spearman:0.4492509472687814
2024-08-31 19:57:28,302 - Model - INFO - ----------
2024-08-31 19:57:28,302 - Model - INFO - params:{'model_type': 'HF1', 'em_drop': 0.3, 'rnn_drop': 0.4, 'rnn_rec_drop': 0.7, 'fc_drop': 0.1, 'batch_size': 30, 'epochs': 20, 'em_dim': 36, 'rnn_units': 30, 'fc_num_hidden_layers': 3, 'fc_num_units': 380, 'fc_activation': 1, 'optimizer': 0}
2024-08-31 19:57:28,302 - Model - INFO - spearman:0.8011344685259439
2024-08-31 20:50:11,888 - Model - INFO - ----------
2024-08-31 20:50:11,889 - Model - INFO - params:{'model_type': 'HF1', 'em_drop': 0.2, 'rnn_drop': 0.2, 'rnn_rec_drop': 0.4, 'fc_drop': 0.5, 'batch_size': 40, 'epochs': 30, 'em_dim': 28, 'rnn_units': 30, 'fc_num_hidden_layers': 4, 'fc_num_units': 380, 'fc_activation': 4, 'optimizer': 1}
2024-08-31 20:50:11,889 - Model - INFO - spearman:0.05832459987808904
2024-08-31 21:50:00,459 - Model - INFO - ----------
2024-08-31 21:50:00,459 - Model - INFO - params:{'model_type': 'HF1', 'em_drop': 0.3, 'rnn_drop': 0.4, 'rnn_rec_drop': 0.1, 'fc_drop': 0.2, 'batch_size': 40, 'epochs': 35, 'em_dim': 36, 'rnn_units': 160, 'fc_num_hidden_layers': 3, 'fc_num_units': 50, 'fc_activation': 0, 'optimizer': 5}
2024-08-31 21:50:00,459 - Model - INFO - spearman:0.7083643164837912
2024-08-31 23:19:12,648 - Model - INFO - ----------
2024-08-31 23:19:12,648 - Model - INFO - params:{'model_type': 'HF1', 'em_drop': 0.1, 'rnn_drop': 0.7, 'rnn_rec_drop': 0.6, 'fc_drop': 0.4, 'batch_size': 40, 'epochs': 50, 'em_dim': 28, 'rnn_units': 90, 'fc_num_hidden_layers': 2, 'fc_num_units': 50, 'fc_activation': 2, 'optimizer': 4}
2024-08-31 23:19:12,648 - Model - INFO - spearman:0.44269687989746337
2024-08-31 23:39:40,924 - Model - INFO - ----------
2024-08-31 23:39:40,925 - Model - INFO - params:{'model_type': 'HF1', 'em_drop': 0.1, 'rnn_drop': 0.7, 'rnn_rec_drop': 0.7, 'fc_drop': 0.5, 'batch_size': 50, 'epochs': 50, 'em_dim': 40, 'rnn_units': 80, 'fc_num_hidden_layers': 6, 'fc_num_units': 50, 'fc_activation': 3, 'optimizer': 2}
2024-08-31 23:39:40,925 - Model - INFO - spearman:nan
2024-09-01 00:20:07,670 - Model - INFO - ----------
2024-09-01 00:20:07,670 - Model - INFO - params:{'model_type': 'HF1', 'em_drop': 0.1, 'rnn_drop': 0.5, 'rnn_rec_drop': 0.4, 'fc_drop': 0.5, 'batch_size': 60, 'epochs': 35, 'em_dim': 64, 'rnn_units': 30, 'fc_num_hidden_layers': 3, 'fc_num_units': 60, 'fc_activation': 1, 'optimizer': 5}
2024-09-01 00:20:07,670 - Model - INFO - spearman:0.7629630742617474
2024-09-01 00:59:46,680 - Model - INFO - ----------
2024-09-01 00:59:46,680 - Model - INFO - params:{'model_type': 'HF1', 'em_drop': 0.3, 'rnn_drop': 0.2, 'rnn_rec_drop': 0.5, 'fc_drop': 0.5, 'batch_size': 70, 'epochs': 40, 'em_dim': 56, 'rnn_units': 20, 'fc_num_hidden_layers': 1, 'fc_num_units': 70, 'fc_activation': 3, 'optimizer': 4}
2024-09-01 00:59:46,680 - Model - INFO - spearman:0.2185919735075351
2024-09-01 01:45:10,494 - Model - INFO - ----------
2024-09-01 01:45:10,494 - Model - INFO - params:{'model_type': 'HF1', 'em_drop': 0.2, 'rnn_drop': 0.5, 'rnn_rec_drop': 0.4, 'fc_drop': 0.1, 'batch_size': 70, 'epochs': 45, 'em_dim': 64, 'rnn_units': 140, 'fc_num_hidden_layers': 2, 'fc_num_units': 70, 'fc_activation': 0, 'optimizer': 6}
2024-09-01 01:45:10,494 - Model - INFO - spearman:0.6838776614025022
2024-09-01 01:58:38,873 - Model - INFO - ----------
2024-09-01 01:58:38,873 - Model - INFO - params:{'model_type': 'HF1', 'em_drop': 0.2, 'rnn_drop': 0.2, 'rnn_rec_drop': 0.4, 'fc_drop': 0.6, 'batch_size': 60, 'epochs': 50, 'em_dim': 60, 'rnn_units': 140, 'fc_num_hidden_layers': 4, 'fc_num_units': 60, 'fc_activation': 4, 'optimizer': 2}
2024-09-01 01:58:38,873 - Model - INFO - spearman:nan
2024-09-01 02:55:45,878 - Model - INFO - ----------
2024-09-01 02:55:45,878 - Model - INFO - params:{'model_type': 'HF1', 'em_drop': 0.3, 'rnn_drop': 0.5, 'rnn_rec_drop': 0.7, 'fc_drop': 0.2, 'batch_size': 50, 'epochs': 40, 'em_dim': 44, 'rnn_units': 40, 'fc_num_hidden_layers': 3, 'fc_num_units': 220, 'fc_activation': 0, 'optimizer': 4}
2024-09-01 02:55:45,878 - Model - INFO - spearman:0.4790452951866306
2024-09-01 03:43:23,617 - Model - INFO - ----------
2024-09-01 03:43:23,617 - Model - INFO - params:{'model_type': 'HF1', 'em_drop': 0.1, 'rnn_drop': 0.4, 'rnn_rec_drop': 0.7, 'fc_drop': 0.4, 'batch_size': 30, 'epochs': 20, 'em_dim': 32, 'rnn_units': 50, 'fc_num_hidden_layers': 5, 'fc_num_units': 50, 'fc_activation': 3, 'optimizer': 3}
2024-09-01 03:43:23,617 - Model - INFO - spearman:0.07027583099082373
2024-09-01 04:48:06,526 - Model - INFO - ----------
2024-09-01 04:48:06,527 - Model - INFO - params:{'model_type': 'HF1', 'em_drop': 0.2, 'rnn_drop': 0.4, 'rnn_rec_drop': 0.2, 'fc_drop': 0.6, 'batch_size': 20, 'epochs': 35, 'em_dim': 60, 'rnn_units': 140, 'fc_num_hidden_layers': 4, 'fc_num_units': 80, 'fc_activation': 0, 'optimizer': 2}
2024-09-01 04:48:06,527 - Model - INFO - spearman:0.6429318941666986
2024-09-01 05:11:26,909 - Model - INFO - ----------
2024-09-01 05:11:26,909 - Model - INFO - params:{'model_type': 'HF1', 'em_drop': 0.3, 'rnn_drop': 0.6, 'rnn_rec_drop': 0.5, 'fc_drop': 0.2, 'batch_size': 60, 'epochs': 20, 'em_dim': 64, 'rnn_units': 100, 'fc_num_hidden_layers': 3, 'fc_num_units': 60, 'fc_activation': 4, 'optimizer': 3}
2024-09-01 05:11:26,909 - Model - INFO - spearman:0.06471645667117804
2024-09-01 05:25:28,326 - Model - INFO - ----------
2024-09-01 05:25:28,326 - Model - INFO - params:{'model_type': 'HF1', 'em_drop': 0.1, 'rnn_drop': 0.4, 'rnn_rec_drop': 0.5, 'fc_drop': 0.6, 'batch_size': 70, 'epochs': 40, 'em_dim': 60, 'rnn_units': 20, 'fc_num_hidden_layers': 1, 'fc_num_units': 140, 'fc_activation': 0, 'optimizer': 6}
2024-09-01 05:25:28,326 - Model - INFO - spearman:0.6516488272668937
2024-09-01 05:51:39,091 - Model - INFO - ----------
2024-09-01 05:51:39,092 - Model - INFO - params:{'model_type': 'HF1', 'em_drop': 0.1, 'rnn_drop': 0.4, 'rnn_rec_drop': 0.4, 'fc_drop': 0.4, 'batch_size': 70, 'epochs': 30, 'em_dim': 44, 'rnn_units': 20, 'fc_num_hidden_layers': 1, 'fc_num_units': 140, 'fc_activation': 1, 'optimizer': 0}
2024-09-01 05:51:39,092 - Model - INFO - spearman:0.7882946107599287
2024-09-01 06:12:04,966 - Model - INFO - ----------
2024-09-01 06:12:04,966 - Model - INFO - params:{'model_type': 'HF1', 'em_drop': 0.3, 'rnn_drop': 0.2, 'rnn_rec_drop': 0.4, 'fc_drop': 0.2, 'batch_size': 50, 'epochs': 30, 'em_dim': 28, 'rnn_units': 80, 'fc_num_hidden_layers': 6, 'fc_num_units': 60, 'fc_activation': 0, 'optimizer': 2}
2024-09-01 06:12:04,966 - Model - INFO - spearman:0.6629280529439054
2024-09-01 06:47:43,463 - Model - INFO - ----------
2024-09-01 06:47:43,463 - Model - INFO - params:{'model_type': 'HF1', 'em_drop': 0.1, 'rnn_drop': 0.4, 'rnn_rec_drop': 0.5, 'fc_drop': 0.2, 'batch_size': 50, 'epochs': 25, 'em_dim': 32, 'rnn_units': 70, 'fc_num_hidden_layers': 6, 'fc_num_units': 60, 'fc_activation': 4, 'optimizer': 1}
2024-09-01 06:47:43,463 - Model - INFO - spearman:0.006734745160298662
2024-09-01 07:32:31,890 - Model - INFO - ----------
2024-09-01 07:32:31,891 - Model - INFO - params:{'model_type': 'HF1', 'em_drop': 0.2, 'rnn_drop': 0.1, 'rnn_rec_drop': 0.7, 'fc_drop': 0.6, 'batch_size': 30, 'epochs': 25, 'em_dim': 52, 'rnn_units': 70, 'fc_num_hidden_layers': 5, 'fc_num_units': 280, 'fc_activation': 3, 'optimizer': 6}
2024-09-01 07:32:31,891 - Model - INFO - spearman:nan
2024-09-01 08:12:39,601 - Model - INFO - ----------
2024-09-01 08:12:39,601 - Model - INFO - params:{'model_type': 'HF1', 'em_drop': 0.1, 'rnn_drop': 0.7, 'rnn_rec_drop': 0.4, 'fc_drop': 0.2, 'batch_size': 40, 'epochs': 45, 'em_dim': 56, 'rnn_units': 30, 'fc_num_hidden_layers': 6, 'fc_num_units': 220, 'fc_activation': 3, 'optimizer': 6}
2024-09-01 08:12:39,601 - Model - INFO - spearman:nan
2024-09-01 09:16:28,221 - Model - INFO - ----------
2024-09-01 09:16:28,221 - Model - INFO - params:{'model_type': 'HF1', 'em_drop': 0.3, 'rnn_drop': 0.2, 'rnn_rec_drop': 0.5, 'fc_drop': 0.1, 'batch_size': 60, 'epochs': 55, 'em_dim': 52, 'rnn_units': 90, 'fc_num_hidden_layers': 1, 'fc_num_units': 260, 'fc_activation': 4, 'optimizer': 3}
2024-09-01 09:16:28,221 - Model - INFO - spearman:0.4047755054391491
2024-09-01 12:11:46,238 - Model - INFO - ----------
2024-09-01 12:11:46,238 - Model - INFO - params:{'model_type': 'HF1', 'em_drop': 0.1, 'rnn_drop': 0.1, 'rnn_rec_drop': 0.4, 'fc_drop': 0.6, 'batch_size': 20, 'epochs': 50, 'em_dim': 16, 'rnn_units': 40, 'fc_num_hidden_layers': 1, 'fc_num_units': 320, 'fc_activation': 4, 'optimizer': 4}
2024-09-01 12:11:46,238 - Model - INFO - spearman:0.30789850323118706
2024-09-01 13:48:38,345 - Model - INFO - ----------
2024-09-01 13:48:38,346 - Model - INFO - params:{'model_type': 'HF1', 'em_drop': 0.2, 'rnn_drop': 0.5, 'rnn_rec_drop': 0.4, 'fc_drop': 0.7, 'batch_size': 40, 'epochs': 55, 'em_dim': 36, 'rnn_units': 90, 'fc_num_hidden_layers': 2, 'fc_num_units': 360, 'fc_activation': 1, 'optimizer': 3}
2024-09-01 13:48:38,346 - Model - INFO - spearman:0.48238256263550916
2024-09-01 14:36:51,658 - Model - INFO - ----------
2024-09-01 14:36:51,658 - Model - INFO - params:{'model_type': 'HF1', 'em_drop': 0.2, 'rnn_drop': 0.7, 'rnn_rec_drop': 0.6, 'fc_drop': 0.4, 'batch_size': 80, 'epochs': 55, 'em_dim': 56, 'rnn_units': 100, 'fc_num_hidden_layers': 3, 'fc_num_units': 160, 'fc_activation': 4, 'optimizer': 1}
2024-09-01 14:36:51,658 - Model - INFO - spearman:0.06920237129115007
2024-09-01 15:22:30,330 - Model - INFO - ----------
2024-09-01 15:22:30,330 - Model - INFO - params:{'model_type': 'HF1', 'em_drop': 0.3, 'rnn_drop': 0.1, 'rnn_rec_drop': 0.5, 'fc_drop': 0.4, 'batch_size': 40, 'epochs': 25, 'em_dim': 52, 'rnn_units': 80, 'fc_num_hidden_layers': 2, 'fc_num_units': 90, 'fc_activation': 1, 'optimizer': 5}
2024-09-01 15:22:30,330 - Model - INFO - spearman:0.779495219916819
2024-09-01 16:02:21,342 - Model - INFO - ----------
2024-09-01 16:02:21,342 - Model - INFO - params:{'model_type': 'HF1', 'em_drop': 0.1, 'rnn_drop': 0.4, 'rnn_rec_drop': 0.4, 'fc_drop': 0.4, 'batch_size': 60, 'epochs': 30, 'em_dim': 20, 'rnn_units': 140, 'fc_num_hidden_layers': 6, 'fc_num_units': 140, 'fc_activation': 4, 'optimizer': 1}
2024-09-01 16:02:21,342 - Model - INFO - spearman:0.007089522700625975
2024-09-01 17:07:43,646 - Model - INFO - ----------
2024-09-01 17:07:43,646 - Model - INFO - params:{'model_type': 'HF1', 'em_drop': 0.3, 'rnn_drop': 0.1, 'rnn_rec_drop': 0.4, 'fc_drop': 0.2, 'batch_size': 30, 'epochs': 25, 'em_dim': 32, 'rnn_units': 120, 'fc_num_hidden_layers': 4, 'fc_num_units': 260, 'fc_activation': 0, 'optimizer': 1}
2024-09-01 17:07:43,646 - Model - INFO - spearman:0.5148514369732572
2024-09-01 18:06:37,699 - Model - INFO - ----------
2024-09-01 18:06:37,699 - Model - INFO - params:{'model_type': 'HF1', 'em_drop': 0.2, 'rnn_drop': 0.6, 'rnn_rec_drop': 0.1, 'fc_drop': 0.4, 'batch_size': 60, 'epochs': 45, 'em_dim': 24, 'rnn_units': 100, 'fc_num_hidden_layers': 2, 'fc_num_units': 220, 'fc_activation': 4, 'optimizer': 2}
2024-09-01 18:06:37,699 - Model - INFO - spearman:0.7582966288184946
2024-09-01 19:32:36,887 - Model - INFO - ----------
2024-09-01 19:32:36,887 - Model - INFO - params:{'model_type': 'HF1', 'em_drop': 0.1, 'rnn_drop': 0.4, 'rnn_rec_drop': 0.5, 'fc_drop': 0.4, 'batch_size': 30, 'epochs': 35, 'em_dim': 28, 'rnn_units': 240, 'fc_num_hidden_layers': 2, 'fc_num_units': 240, 'fc_activation': 0, 'optimizer': 3}
2024-09-01 19:32:36,888 - Model - INFO - spearman:0.5662807119742642
2024-09-01 20:03:44,063 - Model - INFO - ----------
2024-09-01 20:03:44,063 - Model - INFO - params:{'model_type': 'HF1', 'em_drop': 0.3, 'rnn_drop': 0.1, 'rnn_rec_drop': 0.4, 'fc_drop': 0.5, 'batch_size': 100, 'epochs': 40, 'em_dim': 56, 'rnn_units': 240, 'fc_num_hidden_layers': 1, 'fc_num_units': 220, 'fc_activation': 4, 'optimizer': 4}
2024-09-01 20:03:44,063 - Model - INFO - spearman:0.2522615176411534
2024-09-01 21:19:22,270 - Model - INFO - ----------
2024-09-01 21:19:22,270 - Model - INFO - params:{'model_type': 'HF1', 'em_drop': 0.1, 'rnn_drop': 0.4, 'rnn_rec_drop': 0.2, 'fc_drop': 0.2, 'batch_size': 20, 'epochs': 40, 'em_dim': 36, 'rnn_units': 240, 'fc_num_hidden_layers': 1, 'fc_num_units': 320, 'fc_activation': 3, 'optimizer': 0}
2024-09-01 21:19:22,270 - Model - INFO - spearman:0.7851864952064121
2024-09-01 23:17:14,281 - Model - INFO - ----------
2024-09-01 23:17:14,281 - Model - INFO - params:{'model_type': 'HF1', 'em_drop': 0.2, 'rnn_drop': 0.5, 'rnn_rec_drop': 0.2, 'fc_drop': 0.2, 'batch_size': 30, 'epochs': 50, 'em_dim': 36, 'rnn_units': 220, 'fc_num_hidden_layers': 4, 'fc_num_units': 280, 'fc_activation': 1, 'optimizer': 1}
2024-09-01 23:17:14,281 - Model - INFO - spearman:0.49352091896279593
2024-09-01 23:36:45,682 - Model - INFO - ----------
2024-09-01 23:36:45,683 - Model - INFO - params:{'model_type': 'HF1', 'em_drop': 0.1, 'rnn_drop': 0.5, 'rnn_rec_drop': 0.4, 'fc_drop': 0.2, 'batch_size': 70, 'epochs': 20, 'em_dim': 56, 'rnn_units': 200, 'fc_num_hidden_layers': 2, 'fc_num_units': 380, 'fc_activation': 2, 'optimizer': 6}
2024-09-01 23:36:45,683 - Model - INFO - spearman:0.64841464087027
2024-09-02 00:11:44,314 - Model - INFO - ----------
2024-09-02 00:11:44,314 - Model - INFO - params:{'model_type': 'HF1', 'em_drop': 0.1, 'rnn_drop': 0.7, 'rnn_rec_drop': 0.4, 'fc_drop': 0.4, 'batch_size': 90, 'epochs': 45, 'em_dim': 56, 'rnn_units': 60, 'fc_num_hidden_layers': 6, 'fc_num_units': 220, 'fc_activation': 2, 'optimizer': 4}
2024-09-02 00:11:44,314 - Model - INFO - spearman:0.48479744813124354
2024-09-02 00:50:18,017 - Model - INFO - ----------
2024-09-02 00:50:18,017 - Model - INFO - params:{'model_type': 'HF1', 'em_drop': 0.2, 'rnn_drop': 0.6, 'rnn_rec_drop': 0.1, 'fc_drop': 0.5, 'batch_size': 80, 'epochs': 45, 'em_dim': 20, 'rnn_units': 40, 'fc_num_hidden_layers': 1, 'fc_num_units': 140, 'fc_activation': 3, 'optimizer': 5}
2024-09-02 00:50:18,018 - Model - INFO - spearman:0.6552956788415902
2024-09-02 02:53:37,622 - Model - INFO - ----------
2024-09-02 02:53:37,622 - Model - INFO - params:{'model_type': 'HF1', 'em_drop': 0.3, 'rnn_drop': 0.1, 'rnn_rec_drop': 0.4, 'fc_drop': 0.4, 'batch_size': 20, 'epochs': 35, 'em_dim': 24, 'rnn_units': 70, 'fc_num_hidden_layers': 4, 'fc_num_units': 260, 'fc_activation': 0, 'optimizer': 3}
2024-09-02 02:53:37,622 - Model - INFO - spearman:0.6381348615048349
2024-09-02 04:38:35,137 - Model - INFO - ----------
2024-09-02 04:38:35,138 - Model - INFO - params:{'model_type': 'HF1', 'em_drop': 0.1, 'rnn_drop': 0.4, 'rnn_rec_drop': 0.4, 'fc_drop': 0.1, 'batch_size': 20, 'epochs': 30, 'em_dim': 32, 'rnn_units': 80, 'fc_num_hidden_layers': 5, 'fc_num_units': 260, 'fc_activation': 4, 'optimizer': 1}
2024-09-02 04:38:35,138 - Model - INFO - spearman:-0.014749427039631642
2024-09-02 04:54:55,657 - Model - INFO - ----------
2024-09-02 04:54:55,658 - Model - INFO - params:{'model_type': 'HF1', 'em_drop': 0.2, 'rnn_drop': 0.4, 'rnn_rec_drop': 0.7, 'fc_drop': 0.7, 'batch_size': 90, 'epochs': 40, 'em_dim': 52, 'rnn_units': 120, 'fc_num_hidden_layers': 4, 'fc_num_units': 240, 'fc_activation': 3, 'optimizer': 2}
2024-09-02 04:54:55,658 - Model - INFO - spearman:nan
2024-09-02 05:04:21,112 - Model - INFO - ----------
2024-09-02 05:04:21,113 - Model - INFO - params:{'model_type': 'HF1', 'em_drop': 0.3, 'rnn_drop': 0.6, 'rnn_rec_drop': 0.2, 'fc_drop': 0.4, 'batch_size': 90, 'epochs': 45, 'em_dim': 20, 'rnn_units': 70, 'fc_num_hidden_layers': 1, 'fc_num_units': 200, 'fc_activation': 0, 'optimizer': 0}
2024-09-02 05:04:21,113 - Model - INFO - spearman:0.6425578794275375
2024-09-02 05:52:02,583 - Model - INFO - ----------
2024-09-02 05:52:02,583 - Model - INFO - params:{'model_type': 'HF1', 'em_drop': 0.1, 'rnn_drop': 0.7, 'rnn_rec_drop': 0.5, 'fc_drop': 0.6, 'batch_size': 80, 'epochs': 55, 'em_dim': 20, 'rnn_units': 70, 'fc_num_hidden_layers': 1, 'fc_num_units': 200, 'fc_activation': 4, 'optimizer': 4}
2024-09-02 05:52:02,583 - Model - INFO - spearman:-0.212721493215764
2024-09-02 06:40:56,859 - Model - INFO - ----------
2024-09-02 06:40:56,859 - Model - INFO - params:{'model_type': 'HF1', 'em_drop': 0.1, 'rnn_drop': 0.1, 'rnn_rec_drop': 0.7, 'fc_drop': 0.7, 'batch_size': 70, 'epochs': 50, 'em_dim': 24, 'rnn_units': 50, 'fc_num_hidden_layers': 3, 'fc_num_units': 50, 'fc_activation': 2, 'optimizer': 4}
2024-09-02 06:40:56,859 - Model - INFO - spearman:0.42298616745194745
2024-09-02 07:09:16,097 - Model - INFO - ----------
2024-09-02 07:09:16,097 - Model - INFO - params:{'model_type': 'HF1', 'em_drop': 0.2, 'rnn_drop': 0.1, 'rnn_rec_drop': 0.6, 'fc_drop': 0.4, 'batch_size': 70, 'epochs': 40, 'em_dim': 68, 'rnn_units': 70, 'fc_num_hidden_layers': 1, 'fc_num_units': 120, 'fc_activation': 1, 'optimizer': 6}
2024-09-02 07:09:16,097 - Model - INFO - spearman:0.782694236787447
2024-09-02 07:42:56,053 - Model - INFO - ----------
2024-09-02 07:42:56,053 - Model - INFO - params:{'model_type': 'HF1', 'em_drop': 0.1, 'rnn_drop': 0.1, 'rnn_rec_drop': 0.5, 'fc_drop': 0.4, 'batch_size': 60, 'epochs': 30, 'em_dim': 56, 'rnn_units': 70, 'fc_num_hidden_layers': 3, 'fc_num_units': 120, 'fc_activation': 2, 'optimizer': 3}
2024-09-02 07:42:56,053 - Model - INFO - spearman:0.5660015585590008
2024-09-02 08:18:42,634 - Model - INFO - ----------
2024-09-02 08:18:42,634 - Model - INFO - params:{'model_type': 'HF1', 'em_drop': 0.2, 'rnn_drop': 0.7, 'rnn_rec_drop': 0.4, 'fc_drop': 0.1, 'batch_size': 50, 'epochs': 25, 'em_dim': 64, 'rnn_units': 70, 'fc_num_hidden_layers': 5, 'fc_num_units': 120, 'fc_activation': 0, 'optimizer': 0}
2024-09-02 08:18:42,635 - Model - INFO - spearman:0.724861999195972
2024-09-02 08:49:27,037 - Model - INFO - ----------
2024-09-02 08:49:27,037 - Model - INFO - params:{'model_type': 'HF1', 'em_drop': 0.3, 'rnn_drop': 0.1, 'rnn_rec_drop': 0.4, 'fc_drop': 0.1, 'batch_size': 80, 'epochs': 35, 'em_dim': 28, 'rnn_units': 80, 'fc_num_hidden_layers': 2, 'fc_num_units': 200, 'fc_activation': 4, 'optimizer': 5}
2024-09-02 08:49:27,037 - Model - INFO - spearman:0.7904526377316545
2024-09-02 09:22:22,392 - Model - INFO - ----------
2024-09-02 09:22:22,392 - Model - INFO - params:{'model_type': 'HF1', 'em_drop': 0.1, 'rnn_drop': 0.4, 'rnn_rec_drop': 0.1, 'fc_drop': 0.6, 'batch_size': 30, 'epochs': 40, 'em_dim': 44, 'rnn_units': 40, 'fc_num_hidden_layers': 4, 'fc_num_units': 360, 'fc_activation': 3, 'optimizer': 5}
2024-09-02 09:22:22,392 - Model - INFO - spearman:nan
2024-09-02 09:49:14,399 - Model - INFO - ----------
2024-09-02 09:49:14,399 - Model - INFO - params:{'model_type': 'HF1', 'em_drop': 0.1, 'rnn_drop': 0.4, 'rnn_rec_drop': 0.2, 'fc_drop': 0.7, 'batch_size': 60, 'epochs': 55, 'em_dim': 56, 'rnn_units': 20, 'fc_num_hidden_layers': 3, 'fc_num_units': 300, 'fc_activation': 3, 'optimizer': 5}
2024-09-02 09:49:14,399 - Model - INFO - spearman:nan
2024-09-02 10:36:16,289 - Model - INFO - ----------
2024-09-02 10:36:16,289 - Model - INFO - params:{'model_type': 'HF1', 'em_drop': 0.3, 'rnn_drop': 0.5, 'rnn_rec_drop': 0.1, 'fc_drop': 0.2, 'batch_size': 30, 'epochs': 20, 'em_dim': 28, 'rnn_units': 80, 'fc_num_hidden_layers': 5, 'fc_num_units': 380, 'fc_activation': 1, 'optimizer': 5}
2024-09-02 10:36:16,289 - Model - INFO - spearman:0.8013864855515211
2024-09-02 11:11:12,949 - Model - INFO - ----------
2024-09-02 11:11:12,949 - Model - INFO - params:{'model_type': 'HF1', 'em_drop': 0.3, 'rnn_drop': 0.6, 'rnn_rec_drop': 0.4, 'fc_drop': 0.2, 'batch_size': 50, 'epochs': 25, 'em_dim': 64, 'rnn_units': 70, 'fc_num_hidden_layers': 4, 'fc_num_units': 340, 'fc_activation': 0, 'optimizer': 1}
2024-09-02 11:11:12,949 - Model - INFO - spearman:0.5216307760443053
2024-09-02 11:29:23,112 - Model - INFO - ----------
2024-09-02 11:29:23,112 - Model - INFO - params:{'model_type': 'HF1', 'em_drop': 0.1, 'rnn_drop': 0.4, 'rnn_rec_drop': 0.1, 'fc_drop': 0.1, 'batch_size': 100, 'epochs': 25, 'em_dim': 48, 'rnn_units': 30, 'fc_num_hidden_layers': 6, 'fc_num_units': 280, 'fc_activation': 0, 'optimizer': 6}
2024-09-02 11:29:23,112 - Model - INFO - spearman:0.6807540968789452
2024-09-02 11:44:24,319 - Model - INFO - ----------
2024-09-02 11:44:24,319 - Model - INFO - params:{'model_type': 'HF1', 'em_drop': 0.2, 'rnn_drop': 0.7, 'rnn_rec_drop': 0.4, 'fc_drop': 0.4, 'batch_size': 100, 'epochs': 35, 'em_dim': 44, 'rnn_units': 20, 'fc_num_hidden_layers': 4, 'fc_num_units': 280, 'fc_activation': 2, 'optimizer': 6}
2024-09-02 11:44:24,319 - Model - INFO - spearman:0.6509111446937065
2024-09-02 12:05:25,793 - Model - INFO - ----------
2024-09-02 12:05:25,793 - Model - INFO - params:{'model_type': 'HF1', 'em_drop': 0.3, 'rnn_drop': 0.1, 'rnn_rec_drop': 0.5, 'fc_drop': 0.4, 'batch_size': 70, 'epochs': 20, 'em_dim': 28, 'rnn_units': 80, 'fc_num_hidden_layers': 5, 'fc_num_units': 100, 'fc_activation': 4, 'optimizer': 3}
2024-09-02 12:05:25,793 - Model - INFO - spearman:-0.022769291303890857
2024-09-02 12:24:44,823 - Model - INFO - ----------
2024-09-02 12:24:44,823 - Model - INFO - params:{'model_type': 'HF1', 'em_drop': 0.1, 'rnn_drop': 0.2, 'rnn_rec_drop': 0.5, 'fc_drop': 0.6, 'batch_size': 90, 'epochs': 30, 'em_dim': 24, 'rnn_units': 20, 'fc_num_hidden_layers': 6, 'fc_num_units': 300, 'fc_activation': 1, 'optimizer': 5}
2024-09-02 12:24:44,823 - Model - INFO - spearman:0.7749825752733344
2024-09-02 12:39:21,839 - Model - INFO - ----------
2024-09-02 12:39:21,839 - Model - INFO - params:{'model_type': 'HF1', 'em_drop': 0.1, 'rnn_drop': 0.7, 'rnn_rec_drop': 0.1, 'fc_drop': 0.1, 'batch_size': 100, 'epochs': 40, 'em_dim': 36, 'rnn_units': 240, 'fc_num_hidden_layers': 6, 'fc_num_units': 120, 'fc_activation': 0, 'optimizer': 2}
2024-09-02 12:39:21,839 - Model - INFO - spearman:0.6641385374038024
2024-09-02 12:59:43,167 - Model - INFO - ----------
2024-09-02 12:59:43,167 - Model - INFO - params:{'model_type': 'HF1', 'em_drop': 0.1, 'rnn_drop': 0.1, 'rnn_rec_drop': 0.6, 'fc_drop': 0.6, 'batch_size': 90, 'epochs': 35, 'em_dim': 16, 'rnn_units': 240, 'fc_num_hidden_layers': 4, 'fc_num_units': 340, 'fc_activation': 1, 'optimizer': 6}
2024-09-02 12:59:43,167 - Model - INFO - spearman:0.7748003498709053
2024-09-02 13:17:27,306 - Model - INFO - ----------
2024-09-02 13:17:27,307 - Model - INFO - params:{'model_type': 'HF1', 'em_drop': 0.3, 'rnn_drop': 0.4, 'rnn_rec_drop': 0.4, 'fc_drop': 0.7, 'batch_size': 60, 'epochs': 35, 'em_dim': 48, 'rnn_units': 160, 'fc_num_hidden_layers': 6, 'fc_num_units': 140, 'fc_activation': 3, 'optimizer': 5}
2024-09-02 13:17:27,307 - Model - INFO - spearman:0.0112586537006971
2024-09-02 13:36:12,206 - Model - INFO - ----------
2024-09-02 13:36:12,206 - Model - INFO - params:{'model_type': 'HF1', 'em_drop': 0.3, 'rnn_drop': 0.4, 'rnn_rec_drop': 0.1, 'fc_drop': 0.4, 'batch_size': 100, 'epochs': 45, 'em_dim': 40, 'rnn_units': 70, 'fc_num_hidden_layers': 6, 'fc_num_units': 280, 'fc_activation': 4, 'optimizer': 0}
2024-09-02 13:36:12,206 - Model - INFO - spearman:nan
2024-09-02 14:46:24,201 - Model - INFO - ----------
2024-09-02 14:46:24,202 - Model - INFO - params:{'model_type': 'HF1', 'em_drop': 0.3, 'rnn_drop': 0.4, 'rnn_rec_drop': 0.7, 'fc_drop': 0.4, 'batch_size': 20, 'epochs': 55, 'em_dim': 52, 'rnn_units': 80, 'fc_num_hidden_layers': 2, 'fc_num_units': 80, 'fc_activation': 4, 'optimizer': 6}
2024-09-02 14:46:24,202 - Model - INFO - spearman:nan
2024-09-02 15:22:01,083 - Model - INFO - ----------
2024-09-02 15:22:01,083 - Model - INFO - params:{'model_type': 'HF1', 'em_drop': 0.3, 'rnn_drop': 0.4, 'rnn_rec_drop': 0.7, 'fc_drop': 0.1, 'batch_size': 40, 'epochs': 20, 'em_dim': 64, 'rnn_units': 140, 'fc_num_hidden_layers': 4, 'fc_num_units': 60, 'fc_activation': 0, 'optimizer': 6}
2024-09-02 15:22:01,083 - Model - INFO - spearman:0.6846519309646024
2024-09-02 16:04:51,911 - Model - INFO - ----------
2024-09-02 16:04:51,912 - Model - INFO - params:{'model_type': 'HF1', 'em_drop': 0.3, 'rnn_drop': 0.4, 'rnn_rec_drop': 0.5, 'fc_drop': 0.7, 'batch_size': 50, 'epochs': 30, 'em_dim': 52, 'rnn_units': 200, 'fc_num_hidden_layers': 4, 'fc_num_units': 280, 'fc_activation': 0, 'optimizer': 1}
2024-09-02 16:04:51,912 - Model - INFO - spearman:0.4070873746604544
2024-09-02 16:25:06,764 - Model - INFO - ----------
2024-09-02 16:25:06,764 - Model - INFO - params:{'model_type': 'HF1', 'em_drop': 0.1, 'rnn_drop': 0.4, 'rnn_rec_drop': 0.5, 'fc_drop': 0.4, 'batch_size': 60, 'epochs': 25, 'em_dim': 60, 'rnn_units': 100, 'fc_num_hidden_layers': 4, 'fc_num_units': 240, 'fc_activation': 4, 'optimizer': 0}
2024-09-02 16:25:06,764 - Model - INFO - spearman:0.030142568813089108
2024-09-02 17:05:44,007 - Model - INFO - ----------
2024-09-02 17:05:44,007 - Model - INFO - params:{'model_type': 'HF1', 'em_drop': 0.3, 'rnn_drop': 0.4, 'rnn_rec_drop': 0.4, 'fc_drop': 0.6, 'batch_size': 100, 'epochs': 55, 'em_dim': 52, 'rnn_units': 100, 'fc_num_hidden_layers': 2, 'fc_num_units': 220, 'fc_activation': 3, 'optimizer': 3}
2024-09-02 17:05:44,007 - Model - INFO - spearman:-0.04465947770702954
2024-09-02 17:18:43,932 - Model - INFO - ----------
2024-09-02 17:18:43,932 - Model - INFO - params:{'model_type': 'HF1', 'em_drop': 0.1, 'rnn_drop': 0.1, 'rnn_rec_drop': 0.7, 'fc_drop': 0.5, 'batch_size': 100, 'epochs': 25, 'em_dim': 20, 'rnn_units': 100, 'fc_num_hidden_layers': 4, 'fc_num_units': 220, 'fc_activation': 4, 'optimizer': 2}
2024-09-02 17:18:43,932 - Model - INFO - spearman:nan
2024-09-02 17:44:27,078 - Model - INFO - ----------
2024-09-02 17:44:27,079 - Model - INFO - params:{'model_type': 'HF1', 'em_drop': 0.3, 'rnn_drop': 0.5, 'rnn_rec_drop': 0.5, 'fc_drop': 0.5, 'batch_size': 70, 'epochs': 25, 'em_dim': 44, 'rnn_units': 140, 'fc_num_hidden_layers': 6, 'fc_num_units': 120, 'fc_activation': 3, 'optimizer': 1}
2024-09-02 17:44:27,079 - Model - INFO - spearman:0.04624444668340853
2024-09-02 18:30:16,012 - Model - INFO - ----------
2024-09-02 18:30:16,012 - Model - INFO - params:{'model_type': 'HF1', 'em_drop': 0.3, 'rnn_drop': 0.2, 'rnn_rec_drop': 0.2, 'fc_drop': 0.6, 'batch_size': 40, 'epochs': 25, 'em_dim': 64, 'rnn_units': 40, 'fc_num_hidden_layers': 5, 'fc_num_units': 80, 'fc_activation': 4, 'optimizer': 3}
2024-09-02 18:30:16,012 - Model - INFO - spearman:8.543038026906694e-05
2024-09-02 20:03:39,958 - Model - INFO - ----------
2024-09-02 20:03:39,958 - Model - INFO - params:{'model_type': 'HF1', 'em_drop': 0.3, 'rnn_drop': 0.6, 'rnn_rec_drop': 0.2, 'fc_drop': 0.4, 'batch_size': 30, 'epochs': 55, 'em_dim': 40, 'rnn_units': 80, 'fc_num_hidden_layers': 6, 'fc_num_units': 70, 'fc_activation': 0, 'optimizer': 5}
2024-09-02 20:03:39,958 - Model - INFO - spearman:0.6950984379972098
2024-09-02 21:46:56,649 - Model - INFO - ----------
2024-09-02 21:46:56,649 - Model - INFO - params:{'model_type': 'HF1', 'em_drop': 0.3, 'rnn_drop': 0.7, 'rnn_rec_drop': 0.5, 'fc_drop': 0.6, 'batch_size': 40, 'epochs': 55, 'em_dim': 20, 'rnn_units': 50, 'fc_num_hidden_layers': 4, 'fc_num_units': 120, 'fc_activation': 2, 'optimizer': 4}
2024-09-02 21:46:56,649 - Model - INFO - spearman:0.4253136663624853
2024-09-02 21:59:08,637 - Model - INFO - ----------
2024-09-02 21:59:08,637 - Model - INFO - params:{'model_type': 'HF1', 'em_drop': 0.1, 'rnn_drop': 0.7, 'rnn_rec_drop': 0.5, 'fc_drop': 0.7, 'batch_size': 90, 'epochs': 50, 'em_dim': 44, 'rnn_units': 90, 'fc_num_hidden_layers': 2, 'fc_num_units': 160, 'fc_activation': 4, 'optimizer': 5}
2024-09-02 21:59:08,637 - Model - INFO - spearman:nan
2024-09-02 22:35:42,802 - Model - INFO - ----------
2024-09-02 22:35:42,803 - Model - INFO - params:{'model_type': 'HF1', 'em_drop': 0.2, 'rnn_drop': 0.5, 'rnn_rec_drop': 0.4, 'fc_drop': 0.7, 'batch_size': 20, 'epochs': 55, 'em_dim': 28, 'rnn_units': 160, 'fc_num_hidden_layers': 2, 'fc_num_units': 200, 'fc_activation': 4, 'optimizer': 5}
2024-09-02 22:35:42,803 - Model - INFO - spearman:nan
2024-09-02 23:09:47,554 - Model - INFO - ----------
2024-09-02 23:09:47,554 - Model - INFO - params:{'model_type': 'HF1', 'em_drop': 0.1, 'rnn_drop': 0.1, 'rnn_rec_drop': 0.2, 'fc_drop': 0.2, 'batch_size': 40, 'epochs': 35, 'em_dim': 24, 'rnn_units': 70, 'fc_num_hidden_layers': 1, 'fc_num_units': 220, 'fc_activation': 1, 'optimizer': 0}
2024-09-02 23:09:47,554 - Model - INFO - spearman:0.7864859940850345
2024-09-02 23:58:36,735 - Model - INFO - ----------
2024-09-02 23:58:36,735 - Model - INFO - params:{'model_type': 'HF1', 'em_drop': 0.1, 'rnn_drop': 0.6, 'rnn_rec_drop': 0.1, 'fc_drop': 0.4, 'batch_size': 40, 'epochs': 30, 'em_dim': 36, 'rnn_units': 80, 'fc_num_hidden_layers': 3, 'fc_num_units': 220, 'fc_activation': 2, 'optimizer': 0}
2024-09-02 23:58:36,735 - Model - INFO - spearman:0.6740106514588706
2024-09-03 00:28:14,413 - Model - INFO - ----------
2024-09-03 00:28:14,413 - Model - INFO - params:{'model_type': 'HF1', 'em_drop': 0.2, 'rnn_drop': 0.6, 'rnn_rec_drop': 0.4, 'fc_drop': 0.1, 'batch_size': 50, 'epochs': 25, 'em_dim': 24, 'rnn_units': 80, 'fc_num_hidden_layers': 5, 'fc_num_units': 220, 'fc_activation': 0, 'optimizer': 0}
2024-09-03 00:28:14,413 - Model - INFO - spearman:0.702303156392149
2024-09-03 00:58:18,154 - Model - INFO - ----------
2024-09-03 00:58:18,154 - Model - INFO - params:{'model_type': 'HF1', 'em_drop': 0.3, 'rnn_drop': 0.4, 'rnn_rec_drop': 0.5, 'fc_drop': 0.6, 'batch_size': 50, 'epochs': 20, 'em_dim': 28, 'rnn_units': 80, 'fc_num_hidden_layers': 6, 'fc_num_units': 220, 'fc_activation': 4, 'optimizer': 4}
2024-09-03 00:58:18,154 - Model - INFO - spearman:-0.03883445803613227
2024-09-03 01:57:01,679 - Model - INFO - ----------
2024-09-03 01:57:01,679 - Model - INFO - params:{'model_type': 'HF1', 'em_drop': 0.1, 'rnn_drop': 0.4, 'rnn_rec_drop': 0.7, 'fc_drop': 0.4, 'batch_size': 70, 'epochs': 50, 'em_dim': 44, 'rnn_units': 240, 'fc_num_hidden_layers': 1, 'fc_num_units': 50, 'fc_activation': 1, 'optimizer': 4}
2024-09-03 01:57:01,679 - Model - INFO - spearman:0.4187453097012797
2024-09-03 02:05:12,748 - Model - INFO - ----------
2024-09-03 02:05:12,748 - Model - INFO - params:{'model_type': 'HF1', 'em_drop': 0.3, 'rnn_drop': 0.4, 'rnn_rec_drop': 0.2, 'fc_drop': 0.7, 'batch_size': 100, 'epochs': 25, 'em_dim': 20, 'rnn_units': 30, 'fc_num_hidden_layers': 6, 'fc_num_units': 340, 'fc_activation': 2, 'optimizer': 2}
2024-09-03 02:05:12,748 - Model - INFO - spearman:0.5797170102483916
2024-09-03 02:52:21,882 - Model - INFO - ----------
2024-09-03 02:52:21,882 - Model - INFO - params:{'model_type': 'HF1', 'em_drop': 0.3, 'rnn_drop': 0.5, 'rnn_rec_drop': 0.6, 'fc_drop': 0.2, 'batch_size': 80, 'epochs': 50, 'em_dim': 56, 'rnn_units': 120, 'fc_num_hidden_layers': 6, 'fc_num_units': 300, 'fc_activation': 4, 'optimizer': 4}
2024-09-03 02:52:21,882 - Model - INFO - spearman:-0.01767744310976139
2024-09-03 03:43:14,460 - Model - INFO - ----------
2024-09-03 03:43:14,460 - Model - INFO - params:{'model_type': 'HF1', 'em_drop': 0.2, 'rnn_drop': 0.4, 'rnn_rec_drop': 0.4, 'fc_drop': 0.2, 'batch_size': 20, 'epochs': 55, 'em_dim': 40, 'rnn_units': 240, 'fc_num_hidden_layers': 3, 'fc_num_units': 360, 'fc_activation': 1, 'optimizer': 0}
2024-09-03 03:43:14,460 - Model - INFO - spearman:0.7926522325756962
2024-09-03 05:31:17,397 - Model - INFO - ----------
2024-09-03 05:31:17,397 - Model - INFO - params:{'model_type': 'HF1', 'em_drop': 0.1, 'rnn_drop': 0.4, 'rnn_rec_drop': 0.1, 'fc_drop': 0.4, 'batch_size': 20, 'epochs': 30, 'em_dim': 64, 'rnn_units': 50, 'fc_num_hidden_layers': 1, 'fc_num_units': 360, 'fc_activation': 4, 'optimizer': 1}
2024-09-03 05:31:17,397 - Model - INFO - spearman:0.15683810722810962
2024-09-03 06:52:00,137 - Model - INFO - ----------
2024-09-03 06:52:00,137 - Model - INFO - params:{'model_type': 'HF1', 'em_drop': 0.1, 'rnn_drop': 0.5, 'rnn_rec_drop': 0.5, 'fc_drop': 0.1, 'batch_size': 30, 'epochs': 45, 'em_dim': 16, 'rnn_units': 60, 'fc_num_hidden_layers': 2, 'fc_num_units': 400, 'fc_activation': 4, 'optimizer': 0}
2024-09-03 06:52:00,137 - Model - INFO - spearman:0.8048977152858793
2024-09-03 07:29:40,983 - Model - INFO - ----------
2024-09-03 07:29:40,983 - Model - INFO - params:{'model_type': 'HF1', 'em_drop': 0.2, 'rnn_drop': 0.7, 'rnn_rec_drop': 0.1, 'fc_drop': 0.1, 'batch_size': 60, 'epochs': 30, 'em_dim': 32, 'rnn_units': 30, 'fc_num_hidden_layers': 3, 'fc_num_units': 70, 'fc_activation': 4, 'optimizer': 1}
2024-09-03 07:29:40,983 - Model - INFO - spearman:-0.15051489384303673
2024-09-03 08:10:10,720 - Model - INFO - ----------
2024-09-03 08:10:10,720 - Model - INFO - params:{'model_type': 'HF1', 'em_drop': 0.3, 'rnn_drop': 0.6, 'rnn_rec_drop': 0.5, 'fc_drop': 0.4, 'batch_size': 100, 'epochs': 55, 'em_dim': 28, 'rnn_units': 70, 'fc_num_hidden_layers': 6, 'fc_num_units': 380, 'fc_activation': 1, 'optimizer': 1}
2024-09-03 08:10:10,720 - Model - INFO - spearman:0.396019178214211
2024-09-03 09:19:59,857 - Model - INFO - ----------
2024-09-03 09:19:59,857 - Model - INFO - params:{'model_type': 'HF1', 'em_drop': 0.3, 'rnn_drop': 0.1, 'rnn_rec_drop': 0.1, 'fc_drop': 0.2, 'batch_size': 20, 'epochs': 20, 'em_dim': 68, 'rnn_units': 80, 'fc_num_hidden_layers': 1, 'fc_num_units': 70, 'fc_activation': 2, 'optimizer': 0}
2024-09-03 09:19:59,857 - Model - INFO - spearman:0.6478791853716283
2024-09-03 09:55:47,217 - Model - INFO - ----------
2024-09-03 09:55:47,217 - Model - INFO - params:{'model_type': 'HF1', 'em_drop': 0.3, 'rnn_drop': 0.5, 'rnn_rec_drop': 0.7, 'fc_drop': 0.5, 'batch_size': 100, 'epochs': 50, 'em_dim': 44, 'rnn_units': 40, 'fc_num_hidden_layers': 5, 'fc_num_units': 120, 'fc_activation': 3, 'optimizer': 1}
2024-09-03 09:55:47,217 - Model - INFO - spearman:-0.06042238848267723
2024-09-03 10:10:59,968 - Model - INFO - ----------
2024-09-03 10:10:59,968 - Model - INFO - params:{'model_type': 'HF1', 'em_drop': 0.2, 'rnn_drop': 0.1, 'rnn_rec_drop': 0.1, 'fc_drop': 0.2, 'batch_size': 80, 'epochs': 35, 'em_dim': 60, 'rnn_units': 120, 'fc_num_hidden_layers': 5, 'fc_num_units': 300, 'fc_activation': 1, 'optimizer': 2}
2024-09-03 10:10:59,968 - Model - INFO - spearman:0.7916745527530145
2024-09-03 10:46:34,509 - Model - INFO - ----------
2024-09-03 10:46:34,510 - Model - INFO - params:{'model_type': 'HF1', 'em_drop': 0.3, 'rnn_drop': 0.2, 'rnn_rec_drop': 0.1, 'fc_drop': 0.2, 'batch_size': 50, 'epochs': 25, 'em_dim': 16, 'rnn_units': 40, 'fc_num_hidden_layers': 2, 'fc_num_units': 180, 'fc_activation': 1, 'optimizer': 6}
2024-09-03 10:46:34,510 - Model - INFO - spearman:0.8032565777476733
2024-09-03 11:09:42,051 - Model - INFO - ----------
2024-09-03 11:09:42,051 - Model - INFO - params:{'model_type': 'HF1', 'em_drop': 0.2, 'rnn_drop': 0.1, 'rnn_rec_drop': 0.2, 'fc_drop': 0.6, 'batch_size': 100, 'epochs': 30, 'em_dim': 68, 'rnn_units': 70, 'fc_num_hidden_layers': 3, 'fc_num_units': 220, 'fc_activation': 2, 'optimizer': 4}
2024-09-03 11:09:42,051 - Model - INFO - spearman:0.42288565818376955
2024-09-03 11:41:28,173 - Model - INFO - ----------
2024-09-03 11:41:28,173 - Model - INFO - params:{'model_type': 'HF1', 'em_drop': 0.2, 'rnn_drop': 0.7, 'rnn_rec_drop': 0.2, 'fc_drop': 0.4, 'batch_size': 70, 'epochs': 55, 'em_dim': 52, 'rnn_units': 160, 'fc_num_hidden_layers': 2, 'fc_num_units': 360, 'fc_activation': 1, 'optimizer': 0}
2024-09-03 11:41:28,173 - Model - INFO - spearman:0.8032294372347192
2024-09-03 12:16:33,835 - Model - INFO - ----------
2024-09-03 12:16:33,836 - Model - INFO - params:{'model_type': 'HF1', 'em_drop': 0.3, 'rnn_drop': 0.6, 'rnn_rec_drop': 0.7, 'fc_drop': 0.2, 'batch_size': 80, 'epochs': 35, 'em_dim': 60, 'rnn_units': 200, 'fc_num_hidden_layers': 1, 'fc_num_units': 80, 'fc_activation': 1, 'optimizer': 1}
2024-09-03 12:16:33,836 - Model - INFO - spearman:0.4471128503715926
2024-09-03 12:43:20,986 - Model - INFO - ----------
2024-09-03 12:43:20,986 - Model - INFO - params:{'model_type': 'HF1', 'em_drop': 0.3, 'rnn_drop': 0.6, 'rnn_rec_drop': 0.2, 'fc_drop': 0.7, 'batch_size': 90, 'epochs': 50, 'em_dim': 48, 'rnn_units': 30, 'fc_num_hidden_layers': 2, 'fc_num_units': 100, 'fc_activation': 0, 'optimizer': 2}
2024-09-03 12:43:20,986 - Model - INFO - spearman:0.6496195820400573
2024-09-03 13:15:19,009 - Model - INFO - ----------
2024-09-03 13:15:19,009 - Model - INFO - params:{'model_type': 'HF1', 'em_drop': 0.2, 'rnn_drop': 0.1, 'rnn_rec_drop': 0.6, 'fc_drop': 0.7, 'batch_size': 100, 'epochs': 40, 'em_dim': 20, 'rnn_units': 160, 'fc_num_hidden_layers': 1, 'fc_num_units': 70, 'fc_activation': 3, 'optimizer': 6}
2024-09-03 13:15:19,009 - Model - INFO - spearman:0.5871260323332543
2024-09-03 14:31:29,131 - Model - INFO - ----------
2024-09-03 14:31:29,132 - Model - INFO - params:{'model_type': 'HF1', 'em_drop': 0.2, 'rnn_drop': 0.2, 'rnn_rec_drop': 0.4, 'fc_drop': 0.4, 'batch_size': 30, 'epochs': 40, 'em_dim': 40, 'rnn_units': 220, 'fc_num_hidden_layers': 5, 'fc_num_units': 70, 'fc_activation': 0, 'optimizer': 6}
2024-09-03 14:31:29,132 - Model - INFO - spearman:0.651008547016306
2024-09-03 14:50:39,578 - Model - INFO - ----------
2024-09-03 14:50:39,579 - Model - INFO - params:{'model_type': 'HF1', 'em_drop': 0.3, 'rnn_drop': 0.6, 'rnn_rec_drop': 0.7, 'fc_drop': 0.4, 'batch_size': 100, 'epochs': 50, 'em_dim': 36, 'rnn_units': 20, 'fc_num_hidden_layers': 6, 'fc_num_units': 320, 'fc_activation': 1, 'optimizer': 5}
2024-09-03 14:50:39,579 - Model - INFO - spearman:0.7978879408215155
2024-09-03 15:05:50,024 - Model - INFO - ----------
2024-09-03 15:05:50,024 - Model - INFO - params:{'model_type': 'HF1', 'em_drop': 0.1, 'rnn_drop': 0.5, 'rnn_rec_drop': 0.4, 'fc_drop': 0.4, 'batch_size': 100, 'epochs': 20, 'em_dim': 24, 'rnn_units': 40, 'fc_num_hidden_layers': 2, 'fc_num_units': 380, 'fc_activation': 2, 'optimizer': 6}
2024-09-03 15:05:50,024 - Model - INFO - spearman:0.6534852051925658
2024-09-03 16:17:37,337 - Model - INFO - ----------
2024-09-03 16:17:37,337 - Model - INFO - params:{'model_type': 'HF1', 'em_drop': 0.1, 'rnn_drop': 0.1, 'rnn_rec_drop': 0.7, 'fc_drop': 0.7, 'batch_size': 40, 'epochs': 50, 'em_dim': 20, 'rnn_units': 30, 'fc_num_hidden_layers': 1, 'fc_num_units': 300, 'fc_activation': 1, 'optimizer': 6}
2024-09-03 16:17:37,337 - Model - INFO - spearman:0.78811084540831
2024-09-03 16:47:42,900 - Model - INFO - ----------
2024-09-03 16:47:42,900 - Model - INFO - params:{'model_type': 'HF1', 'em_drop': 0.1, 'rnn_drop': 0.2, 'rnn_rec_drop': 0.1, 'fc_drop': 0.1, 'batch_size': 90, 'epochs': 35, 'em_dim': 64, 'rnn_units': 120, 'fc_num_hidden_layers': 5, 'fc_num_units': 260, 'fc_activation': 2, 'optimizer': 2}
2024-09-03 16:47:42,900 - Model - INFO - spearman:0.6927651764566056
2024-09-03 17:25:56,632 - Model - INFO - ----------
2024-09-03 17:25:56,632 - Model - INFO - params:{'model_type': 'HF1', 'em_drop': 0.1, 'rnn_drop': 0.1, 'rnn_rec_drop': 0.4, 'fc_drop': 0.7, 'batch_size': 70, 'epochs': 35, 'em_dim': 60, 'rnn_units': 20, 'fc_num_hidden_layers': 6, 'fc_num_units': 90, 'fc_activation': 4, 'optimizer': 3}
2024-09-03 17:25:56,632 - Model - INFO - spearman:-0.02847237047907051
2024-09-03 17:56:34,090 - Model - INFO - ----------
2024-09-03 17:56:34,090 - Model - INFO - params:{'model_type': 'HF1', 'em_drop': 0.1, 'rnn_drop': 0.5, 'rnn_rec_drop': 0.4, 'fc_drop': 0.4, 'batch_size': 50, 'epochs': 50, 'em_dim': 24, 'rnn_units': 40, 'fc_num_hidden_layers': 1, 'fc_num_units': 180, 'fc_activation': 0, 'optimizer': 0}
2024-09-03 17:56:34,090 - Model - INFO - spearman:0.6484765561807986
2024-09-03 18:44:30,092 - Model - INFO - ----------
2024-09-03 18:44:30,092 - Model - INFO - params:{'model_type': 'HF1', 'em_drop': 0.3, 'rnn_drop': 0.7, 'rnn_rec_drop': 0.4, 'fc_drop': 0.1, 'batch_size': 40, 'epochs': 25, 'em_dim': 48, 'rnn_units': 80, 'fc_num_hidden_layers': 4, 'fc_num_units': 70, 'fc_activation': 1, 'optimizer': 4}
2024-09-03 18:44:30,092 - Model - INFO - spearman:0.3852711849774695
2024-09-03 19:45:50,908 - Model - INFO - ----------
2024-09-03 19:45:50,908 - Model - INFO - params:{'model_type': 'HF1', 'em_drop': 0.2, 'rnn_drop': 0.6, 'rnn_rec_drop': 0.7, 'fc_drop': 0.7, 'batch_size': 20, 'epochs': 30, 'em_dim': 48, 'rnn_units': 80, 'fc_num_hidden_layers': 3, 'fc_num_units': 280, 'fc_activation': 0, 'optimizer': 6}
2024-09-03 19:45:50,908 - Model - INFO - spearman:0.6502061966208951
2024-09-03 20:35:19,241 - Model - INFO - ----------
2024-09-03 20:35:19,242 - Model - INFO - params:{'model_type': 'HF1', 'em_drop': 0.2, 'rnn_drop': 0.1, 'rnn_rec_drop': 0.4, 'fc_drop': 0.5, 'batch_size': 90, 'epochs': 55, 'em_dim': 28, 'rnn_units': 160, 'fc_num_hidden_layers': 5, 'fc_num_units': 280, 'fc_activation': 2, 'optimizer': 4}
2024-09-03 20:35:19,242 - Model - INFO - spearman:0.4838909108169089
2024-09-03 21:29:57,346 - Model - INFO - ----------
2024-09-03 21:29:57,346 - Model - INFO - params:{'model_type': 'HF1', 'em_drop': 0.1, 'rnn_drop': 0.6, 'rnn_rec_drop': 0.5, 'fc_drop': 0.6, 'batch_size': 20, 'epochs': 50, 'em_dim': 48, 'rnn_units': 70, 'fc_num_hidden_layers': 3, 'fc_num_units': 220, 'fc_activation': 0, 'optimizer': 0}
2024-09-03 21:29:57,347 - Model - INFO - spearman:0.646111370078117
2024-09-03 22:00:43,674 - Model - INFO - ----------
2024-09-03 22:00:43,674 - Model - INFO - params:{'model_type': 'HF1', 'em_drop': 0.1, 'rnn_drop': 0.5, 'rnn_rec_drop': 0.1, 'fc_drop': 0.6, 'batch_size': 50, 'epochs': 40, 'em_dim': 60, 'rnn_units': 90, 'fc_num_hidden_layers': 5, 'fc_num_units': 240, 'fc_activation': 1, 'optimizer': 6}
2024-09-03 22:00:43,674 - Model - INFO - spearman:0.7580038697444456
2024-09-03 22:17:28,189 - Model - INFO - ----------
2024-09-03 22:17:28,189 - Model - INFO - params:{'model_type': 'HF1', 'em_drop': 0.2, 'rnn_drop': 0.1, 'rnn_rec_drop': 0.7, 'fc_drop': 0.6, 'batch_size': 100, 'epochs': 20, 'em_dim': 40, 'rnn_units': 160, 'fc_num_hidden_layers': 5, 'fc_num_units': 50, 'fc_activation': 2, 'optimizer': 6}
2024-09-03 22:17:28,189 - Model - INFO - spearman:0.6480382528455647
2024-09-03 23:03:52,517 - Model - INFO - ----------
2024-09-03 23:03:52,518 - Model - INFO - params:{'model_type': 'HF1', 'em_drop': 0.2, 'rnn_drop': 0.4, 'rnn_rec_drop': 0.7, 'fc_drop': 0.7, 'batch_size': 50, 'epochs': 30, 'em_dim': 32, 'rnn_units': 60, 'fc_num_hidden_layers': 5, 'fc_num_units': 300, 'fc_activation': 2, 'optimizer': 3}
2024-09-03 23:03:52,518 - Model - INFO - spearman:0.4057173450649128
2024-09-03 23:21:23,841 - Model - INFO - ----------
2024-09-03 23:21:23,841 - Model - INFO - params:{'model_type': 'HF1', 'em_drop': 0.2, 'rnn_drop': 0.5, 'rnn_rec_drop': 0.1, 'fc_drop': 0.7, 'batch_size': 40, 'epochs': 25, 'em_dim': 68, 'rnn_units': 90, 'fc_num_hidden_layers': 2, 'fc_num_units': 100, 'fc_activation': 3, 'optimizer': 5}
2024-09-03 23:21:23,841 - Model - INFO - spearman:-0.0025523450228582263
2024-09-03 23:38:14,933 - Model - INFO - ----------
2024-09-03 23:38:14,933 - Model - INFO - params:{'model_type': 'HF1', 'em_drop': 0.3, 'rnn_drop': 0.2, 'rnn_rec_drop': 0.7, 'fc_drop': 0.5, 'batch_size': 90, 'epochs': 55, 'em_dim': 56, 'rnn_units': 90, 'fc_num_hidden_layers': 5, 'fc_num_units': 200, 'fc_activation': 4, 'optimizer': 0}
2024-09-03 23:38:14,933 - Model - INFO - spearman:nan
2024-09-04 00:13:48,557 - Model - INFO - ----------
2024-09-04 00:13:48,557 - Model - INFO - params:{'model_type': 'HF1', 'em_drop': 0.1, 'rnn_drop': 0.6, 'rnn_rec_drop': 0.2, 'fc_drop': 0.2, 'batch_size': 70, 'epochs': 45, 'em_dim': 36, 'rnn_units': 120, 'fc_num_hidden_layers': 3, 'fc_num_units': 320, 'fc_activation': 1, 'optimizer': 6}
2024-09-04 00:13:48,557 - Model - INFO - spearman:0.80922883267151
2024-09-04 00:34:32,660 - Model - INFO - ----------
2024-09-04 00:34:32,660 - Model - INFO - params:{'model_type': 'HF1', 'em_drop': 0.2, 'rnn_drop': 0.5, 'rnn_rec_drop': 0.4, 'fc_drop': 0.2, 'batch_size': 90, 'epochs': 55, 'em_dim': 40, 'rnn_units': 240, 'fc_num_hidden_layers': 3, 'fc_num_units': 80, 'fc_activation': 1, 'optimizer': 5}
2024-09-04 00:34:32,660 - Model - INFO - spearman:0.7867487378756387
2024-09-04 00:45:56,089 - Model - INFO - ----------
2024-09-04 00:45:56,089 - Model - INFO - params:{'model_type': 'HF1', 'em_drop': 0.1, 'rnn_drop': 0.2, 'rnn_rec_drop': 0.6, 'fc_drop': 0.4, 'batch_size': 90, 'epochs': 40, 'em_dim': 32, 'rnn_units': 100, 'fc_num_hidden_layers': 4, 'fc_num_units': 80, 'fc_activation': 4, 'optimizer': 2}
2024-09-04 00:45:56,089 - Model - INFO - spearman:0.0025523450228582263
2024-09-04 00:53:14,439 - Model - INFO - ----------
2024-09-04 00:53:14,439 - Model - INFO - params:{'model_type': 'HF1', 'em_drop': 0.2, 'rnn_drop': 0.2, 'rnn_rec_drop': 0.2, 'fc_drop': 0.2, 'batch_size': 90, 'epochs': 50, 'em_dim': 24, 'rnn_units': 160, 'fc_num_hidden_layers': 5, 'fc_num_units': 50, 'fc_activation': 4, 'optimizer': 5}
2024-09-04 00:53:14,439 - Model - INFO - spearman:nan
2024-09-04 01:52:53,552 - Model - INFO - ----------
2024-09-04 01:52:53,552 - Model - INFO - params:{'model_type': 'HF1', 'em_drop': 0.2, 'rnn_drop': 0.1, 'rnn_rec_drop': 0.4, 'fc_drop': 0.6, 'batch_size': 70, 'epochs': 55, 'em_dim': 36, 'rnn_units': 200, 'fc_num_hidden_layers': 1, 'fc_num_units': 120, 'fc_activation': 2, 'optimizer': 1}
2024-09-04 01:52:53,552 - Model - INFO - spearman:0.4579105261674859
2024-09-04 03:58:37,767 - Model - INFO - ----------
2024-09-04 03:58:37,767 - Model - INFO - params:{'model_type': 'HF1', 'em_drop': 0.3, 'rnn_drop': 0.7, 'rnn_rec_drop': 0.4, 'fc_drop': 0.7, 'batch_size': 20, 'epochs': 35, 'em_dim': 40, 'rnn_units': 30, 'fc_num_hidden_layers': 1, 'fc_num_units': 320, 'fc_activation': 0, 'optimizer': 4}
2024-09-04 03:58:37,767 - Model - INFO - spearman:0.47639722823163466
2024-09-04 04:27:28,723 - Model - INFO - ----------
2024-09-04 04:27:28,723 - Model - INFO - params:{'model_type': 'HF1', 'em_drop': 0.2, 'rnn_drop': 0.6, 'rnn_rec_drop': 0.1, 'fc_drop': 0.2, 'batch_size': 100, 'epochs': 40, 'em_dim': 60, 'rnn_units': 90, 'fc_num_hidden_layers': 2, 'fc_num_units': 300, 'fc_activation': 3, 'optimizer': 3}
2024-09-04 04:27:28,723 - Model - INFO - spearman:0.1444062710598937
2024-09-04 04:46:58,082 - Model - INFO - ----------
2024-09-04 04:46:58,082 - Model - INFO - params:{'model_type': 'HF1', 'em_drop': 0.1, 'rnn_drop': 0.7, 'rnn_rec_drop': 0.1, 'fc_drop': 0.6, 'batch_size': 70, 'epochs': 55, 'em_dim': 40, 'rnn_units': 200, 'fc_num_hidden_layers': 5, 'fc_num_units': 380, 'fc_activation': 0, 'optimizer': 5}
2024-09-04 04:46:58,082 - Model - INFO - spearman:0.6466077084456702
2024-09-04 05:12:41,779 - Model - INFO - ----------
2024-09-04 05:12:41,779 - Model - INFO - params:{'model_type': 'HF1', 'em_drop': 0.2, 'rnn_drop': 0.6, 'rnn_rec_drop': 0.5, 'fc_drop': 0.6, 'batch_size': 70, 'epochs': 25, 'em_dim': 68, 'rnn_units': 140, 'fc_num_hidden_layers': 2, 'fc_num_units': 140, 'fc_activation': 2, 'optimizer': 2}
2024-09-04 05:12:41,779 - Model - INFO - spearman:0.6417575869190754
2024-09-04 05:24:54,490 - Model - INFO - ----------
2024-09-04 05:24:54,490 - Model - INFO - params:{'model_type': 'HF1', 'em_drop': 0.3, 'rnn_drop': 0.7, 'rnn_rec_drop': 0.4, 'fc_drop': 0.4, 'batch_size': 60, 'epochs': 45, 'em_dim': 28, 'rnn_units': 40, 'fc_num_hidden_layers': 5, 'fc_num_units': 50, 'fc_activation': 0, 'optimizer': 5}
2024-09-04 05:24:54,490 - Model - INFO - spearman:0.6451617844921602
2024-09-04 06:28:31,696 - Model - INFO - ----------
2024-09-04 06:28:31,696 - Model - INFO - params:{'model_type': 'HF1', 'em_drop': 0.3, 'rnn_drop': 0.1, 'rnn_rec_drop': 0.4, 'fc_drop': 0.1, 'batch_size': 40, 'epochs': 35, 'em_dim': 52, 'rnn_units': 50, 'fc_num_hidden_layers': 2, 'fc_num_units': 120, 'fc_activation': 4, 'optimizer': 4}
2024-09-04 06:28:31,696 - Model - INFO - spearman:0.21184482888767697
2024-09-04 07:49:16,189 - Model - INFO - ----------
2024-09-04 07:49:16,189 - Model - INFO - params:{'model_type': 'HF1', 'em_drop': 0.3, 'rnn_drop': 0.4, 'rnn_rec_drop': 0.7, 'fc_drop': 0.4, 'batch_size': 20, 'epochs': 50, 'em_dim': 56, 'rnn_units': 160, 'fc_num_hidden_layers': 3, 'fc_num_units': 400, 'fc_activation': 3, 'optimizer': 6}
2024-09-04 07:49:16,189 - Model - INFO - spearman:nan
2024-09-04 08:44:52,557 - Model - INFO - ----------
2024-09-04 08:44:52,557 - Model - INFO - params:{'model_type': 'HF1', 'em_drop': 0.3, 'rnn_drop': 0.7, 'rnn_rec_drop': 0.2, 'fc_drop': 0.6, 'batch_size': 70, 'epochs': 55, 'em_dim': 68, 'rnn_units': 140, 'fc_num_hidden_layers': 4, 'fc_num_units': 200, 'fc_activation': 0, 'optimizer': 1}
2024-09-04 08:44:52,557 - Model - INFO - spearman:0.41423999735465267
2024-09-04 09:08:15,180 - Model - INFO - ----------
2024-09-04 09:08:15,180 - Model - INFO - params:{'model_type': 'HF1', 'em_drop': 0.2, 'rnn_drop': 0.4, 'rnn_rec_drop': 0.6, 'fc_drop': 0.4, 'batch_size': 60, 'epochs': 20, 'em_dim': 56, 'rnn_units': 140, 'fc_num_hidden_layers': 3, 'fc_num_units': 70, 'fc_activation': 1, 'optimizer': 1}
2024-09-04 09:08:15,180 - Model - INFO - spearman:0.43413874455064494
2024-09-04 09:21:46,022 - Model - INFO - ----------
2024-09-04 09:21:46,022 - Model - INFO - params:{'model_type': 'HF1', 'em_drop': 0.3, 'rnn_drop': 0.2, 'rnn_rec_drop': 0.4, 'fc_drop': 0.7, 'batch_size': 70, 'epochs': 20, 'em_dim': 52, 'rnn_units': 70, 'fc_num_hidden_layers': 4, 'fc_num_units': 90, 'fc_activation': 4, 'optimizer': 5}
2024-09-04 09:21:46,022 - Model - INFO - spearman:nan
2024-09-04 09:51:29,558 - Model - INFO - ----------
2024-09-04 09:51:29,558 - Model - INFO - params:{'model_type': 'HF1', 'em_drop': 0.1, 'rnn_drop': 0.1, 'rnn_rec_drop': 0.4, 'fc_drop': 0.6, 'batch_size': 50, 'epochs': 20, 'em_dim': 24, 'rnn_units': 50, 'fc_num_hidden_layers': 2, 'fc_num_units': 120, 'fc_activation': 2, 'optimizer': 2}
2024-09-04 09:51:29,558 - Model - INFO - spearman:0.6368143986741069
2024-09-04 10:01:38,502 - Model - INFO - ----------
2024-09-04 10:01:38,503 - Model - INFO - params:{'model_type': 'HF1', 'em_drop': 0.3, 'rnn_drop': 0.4, 'rnn_rec_drop': 0.4, 'fc_drop': 0.7, 'batch_size': 80, 'epochs': 55, 'em_dim': 60, 'rnn_units': 180, 'fc_num_hidden_layers': 4, 'fc_num_units': 80, 'fc_activation': 4, 'optimizer': 2}
2024-09-04 10:01:38,503 - Model - INFO - spearman:0.0025523450228582263
2024-09-04 11:03:56,878 - Model - INFO - ----------
2024-09-04 11:03:56,878 - Model - INFO - params:{'model_type': 'HF1', 'em_drop': 0.1, 'rnn_drop': 0.1, 'rnn_rec_drop': 0.4, 'fc_drop': 0.1, 'batch_size': 70, 'epochs': 55, 'em_dim': 28, 'rnn_units': 200, 'fc_num_hidden_layers': 1, 'fc_num_units': 220, 'fc_activation': 3, 'optimizer': 1}
2024-09-04 11:03:56,878 - Model - INFO - spearman:0.2904717947989172
2024-09-04 12:08:33,291 - Model - INFO - ----------
2024-09-04 12:08:33,292 - Model - INFO - params:{'model_type': 'HF1', 'em_drop': 0.2, 'rnn_drop': 0.5, 'rnn_rec_drop': 0.7, 'fc_drop': 0.4, 'batch_size': 40, 'epochs': 30, 'em_dim': 40, 'rnn_units': 240, 'fc_num_hidden_layers': 4, 'fc_num_units': 160, 'fc_activation': 4, 'optimizer': 1}
2024-09-04 12:08:33,292 - Model - INFO - spearman:0.048718055532922286
2024-09-04 12:42:29,915 - Model - INFO - ----------
2024-09-04 12:42:29,915 - Model - INFO - params:{'model_type': 'HF1', 'em_drop': 0.3, 'rnn_drop': 0.1, 'rnn_rec_drop': 0.2, 'fc_drop': 0.4, 'batch_size': 90, 'epochs': 40, 'em_dim': 68, 'rnn_units': 120, 'fc_num_hidden_layers': 3, 'fc_num_units': 200, 'fc_activation': 1, 'optimizer': 1}
2024-09-04 12:42:29,915 - Model - INFO - spearman:0.45458066776001577
2024-09-04 14:06:27,300 - Model - INFO - ----------
2024-09-04 14:06:27,300 - Model - INFO - params:{'model_type': 'HF1', 'em_drop': 0.3, 'rnn_drop': 0.4, 'rnn_rec_drop': 0.5, 'fc_drop': 0.4, 'batch_size': 30, 'epochs': 35, 'em_dim': 48, 'rnn_units': 20, 'fc_num_hidden_layers': 6, 'fc_num_units': 90, 'fc_activation': 1, 'optimizer': 2}
2024-09-04 14:06:27,300 - Model - INFO - spearman:0.7779223872110546
2024-09-04 14:41:51,747 - Model - INFO - ----------
2024-09-04 14:41:51,747 - Model - INFO - params:{'model_type': 'HF1', 'em_drop': 0.3, 'rnn_drop': 0.5, 'rnn_rec_drop': 0.4, 'fc_drop': 0.2, 'batch_size': 100, 'epochs': 45, 'em_dim': 24, 'rnn_units': 180, 'fc_num_hidden_layers': 1, 'fc_num_units': 90, 'fc_activation': 0, 'optimizer': 4}
2024-09-04 14:41:51,747 - Model - INFO - spearman:0.3843138785953316
2024-09-04 15:11:31,197 - Model - INFO - ----------
2024-09-04 15:11:31,197 - Model - INFO - params:{'model_type': 'HF1', 'em_drop': 0.2, 'rnn_drop': 0.4, 'rnn_rec_drop': 0.7, 'fc_drop': 0.1, 'batch_size': 50, 'epochs': 20, 'em_dim': 16, 'rnn_units': 160, 'fc_num_hidden_layers': 5, 'fc_num_units': 100, 'fc_activation': 0, 'optimizer': 3}
2024-09-04 15:11:31,197 - Model - INFO - spearman:0.536006640401642
2024-09-04 16:00:47,027 - Model - INFO - ----------
2024-09-04 16:00:47,027 - Model - INFO - params:{'model_type': 'HF1', 'em_drop': 0.2, 'rnn_drop': 0.6, 'rnn_rec_drop': 0.1, 'fc_drop': 0.2, 'batch_size': 40, 'epochs': 30, 'em_dim': 48, 'rnn_units': 40, 'fc_num_hidden_layers': 6, 'fc_num_units': 260, 'fc_activation': 2, 'optimizer': 0}
2024-09-04 16:00:47,027 - Model - INFO - spearman:0.6872181495459412
2024-09-04 17:53:43,690 - Model - INFO - ----------
2024-09-04 17:53:43,690 - Model - INFO - params:{'model_type': 'HF1', 'em_drop': 0.3, 'rnn_drop': 0.1, 'rnn_rec_drop': 0.2, 'fc_drop': 0.1, 'batch_size': 20, 'epochs': 30, 'em_dim': 56, 'rnn_units': 160, 'fc_num_hidden_layers': 1, 'fc_num_units': 400, 'fc_activation': 4, 'optimizer': 1}
2024-09-04 17:53:43,690 - Model - INFO - spearman:0.325859830732311
2024-09-04 18:22:32,688 - Model - INFO - ----------
2024-09-04 18:22:32,688 - Model - INFO - params:{'model_type': 'HF1', 'em_drop': 0.1, 'rnn_drop': 0.4, 'rnn_rec_drop': 0.5, 'fc_drop': 0.7, 'batch_size': 40, 'epochs': 40, 'em_dim': 48, 'rnn_units': 180, 'fc_num_hidden_layers': 4, 'fc_num_units': 140, 'fc_activation': 4, 'optimizer': 6}
2024-09-04 18:22:32,688 - Model - INFO - spearman:0.0025523450228582263
2024-09-04 18:56:25,123 - Model - INFO - ----------
2024-09-04 18:56:25,123 - Model - INFO - params:{'model_type': 'HF1', 'em_drop': 0.3, 'rnn_drop': 0.6, 'rnn_rec_drop': 0.1, 'fc_drop': 0.6, 'batch_size': 60, 'epochs': 50, 'em_dim': 48, 'rnn_units': 100, 'fc_num_hidden_layers': 2, 'fc_num_units': 340, 'fc_activation': 0, 'optimizer': 0}
2024-09-04 18:56:25,123 - Model - INFO - spearman:0.6510799307734649
2024-09-04 19:25:28,908 - Model - INFO - ----------
2024-09-04 19:25:28,908 - Model - INFO - params:{'model_type': 'HF1', 'em_drop': 0.2, 'rnn_drop': 0.2, 'rnn_rec_drop': 0.7, 'fc_drop': 0.1, 'batch_size': 80, 'epochs': 30, 'em_dim': 40, 'rnn_units': 120, 'fc_num_hidden_layers': 5, 'fc_num_units': 100, 'fc_activation': 2, 'optimizer': 6}
2024-09-04 19:25:28,908 - Model - INFO - spearman:0.6507367764817366
2024-09-04 20:34:38,981 - Model - INFO - ----------
2024-09-04 20:34:38,981 - Model - INFO - params:{'model_type': 'HF1', 'em_drop': 0.3, 'rnn_drop': 0.1, 'rnn_rec_drop': 0.4, 'fc_drop': 0.6, 'batch_size': 60, 'epochs': 55, 'em_dim': 68, 'rnn_units': 50, 'fc_num_hidden_layers': 4, 'fc_num_units': 240, 'fc_activation': 3, 'optimizer': 4}
2024-09-04 20:34:38,981 - Model - INFO - spearman:-0.11410899440821987
2024-09-04 21:05:12,075 - Model - INFO - ----------
2024-09-04 21:05:12,075 - Model - INFO - params:{'model_type': 'HF1', 'em_drop': 0.2, 'rnn_drop': 0.2, 'rnn_rec_drop': 0.1, 'fc_drop': 0.6, 'batch_size': 60, 'epochs': 25, 'em_dim': 40, 'rnn_units': 40, 'fc_num_hidden_layers': 2, 'fc_num_units': 120, 'fc_activation': 0, 'optimizer': 1}
2024-09-04 21:05:12,075 - Model - INFO - spearman:0.4581155108818183
2024-09-04 21:55:39,963 - Model - INFO - ----------
2024-09-04 21:55:39,963 - Model - INFO - params:{'model_type': 'HF1', 'em_drop': 0.1, 'rnn_drop': 0.4, 'rnn_rec_drop': 0.5, 'fc_drop': 0.6, 'batch_size': 80, 'epochs': 55, 'em_dim': 56, 'rnn_units': 20, 'fc_num_hidden_layers': 2, 'fc_num_units': 90, 'fc_activation': 1, 'optimizer': 4}
2024-09-04 21:55:39,963 - Model - INFO - spearman:0.39684109316353333
2024-09-04 22:30:24,861 - Model - INFO - ----------
2024-09-04 22:30:24,861 - Model - INFO - params:{'model_type': 'HF1', 'em_drop': 0.3, 'rnn_drop': 0.4, 'rnn_rec_drop': 0.1, 'fc_drop': 0.1, 'batch_size': 40, 'epochs': 50, 'em_dim': 60, 'rnn_units': 160, 'fc_num_hidden_layers': 4, 'fc_num_units': 140, 'fc_activation': 1, 'optimizer': 2}
2024-09-04 22:30:24,861 - Model - INFO - spearman:0.790390730707807
2024-09-04 23:29:26,309 - Model - INFO - ----------
2024-09-04 23:29:26,309 - Model - INFO - params:{'model_type': 'HF1', 'em_drop': 0.3, 'rnn_drop': 0.4, 'rnn_rec_drop': 0.1, 'fc_drop': 0.7, 'batch_size': 30, 'epochs': 35, 'em_dim': 28, 'rnn_units': 140, 'fc_num_hidden_layers': 5, 'fc_num_units': 80, 'fc_activation': 0, 'optimizer': 2}
2024-09-04 23:29:26,309 - Model - INFO - spearman:0.6408897579013041
2024-09-05 00:20:41,299 - Model - INFO - ----------
2024-09-05 00:20:41,299 - Model - INFO - params:{'model_type': 'HF1', 'em_drop': 0.1, 'rnn_drop': 0.7, 'rnn_rec_drop': 0.7, 'fc_drop': 0.6, 'batch_size': 50, 'epochs': 35, 'em_dim': 36, 'rnn_units': 100, 'fc_num_hidden_layers': 1, 'fc_num_units': 280, 'fc_activation': 0, 'optimizer': 0}
2024-09-05 00:20:41,299 - Model - INFO - spearman:0.6507649931969505
2024-09-05 00:54:08,706 - Model - INFO - ----------
2024-09-05 00:54:08,706 - Model - INFO - params:{'model_type': 'HF1', 'em_drop': 0.1, 'rnn_drop': 0.5, 'rnn_rec_drop': 0.4, 'fc_drop': 0.5, 'batch_size': 60, 'epochs': 30, 'em_dim': 40, 'rnn_units': 240, 'fc_num_hidden_layers': 2, 'fc_num_units': 380, 'fc_activation': 1, 'optimizer': 2}
2024-09-05 00:54:08,706 - Model - INFO - spearman:0.8010247988773997
2024-09-05 01:18:51,799 - Model - INFO - ----------
2024-09-05 01:18:51,799 - Model - INFO - params:{'model_type': 'HF1', 'em_drop': 0.1, 'rnn_drop': 0.5, 'rnn_rec_drop': 0.1, 'fc_drop': 0.4, 'batch_size': 80, 'epochs': 25, 'em_dim': 24, 'rnn_units': 80, 'fc_num_hidden_layers': 5, 'fc_num_units': 380, 'fc_activation': 1, 'optimizer': 3}
2024-09-05 01:18:51,799 - Model - INFO - spearman:0.43068282634072624
2024-09-05 01:40:29,883 - Model - INFO - ----------
2024-09-05 01:40:29,883 - Model - INFO - params:{'model_type': 'HF1', 'em_drop': 0.1, 'rnn_drop': 0.5, 'rnn_rec_drop': 0.6, 'fc_drop': 0.4, 'batch_size': 70, 'epochs': 20, 'em_dim': 56, 'rnn_units': 90, 'fc_num_hidden_layers': 4, 'fc_num_units': 140, 'fc_activation': 0, 'optimizer': 5}
2024-09-05 01:40:29,883 - Model - INFO - spearman:0.6770518396020867
2024-09-05 02:06:58,824 - Model - INFO - ----------
2024-09-05 02:06:58,825 - Model - INFO - params:{'model_type': 'HF1', 'em_drop': 0.1, 'rnn_drop': 0.6, 'rnn_rec_drop': 0.6, 'fc_drop': 0.4, 'batch_size': 100, 'epochs': 35, 'em_dim': 68, 'rnn_units': 80, 'fc_num_hidden_layers': 6, 'fc_num_units': 90, 'fc_activation': 3, 'optimizer': 4}
2024-09-05 02:06:58,825 - Model - INFO - spearman:-0.024056913469659512
2024-09-05 02:39:06,794 - Model - INFO - ----------
2024-09-05 02:39:06,794 - Model - INFO - params:{'model_type': 'HF1', 'em_drop': 0.2, 'rnn_drop': 0.1, 'rnn_rec_drop': 0.4, 'fc_drop': 0.2, 'batch_size': 90, 'epochs': 40, 'em_dim': 40, 'rnn_units': 180, 'fc_num_hidden_layers': 1, 'fc_num_units': 200, 'fc_activation': 3, 'optimizer': 5}
2024-09-05 02:39:06,794 - Model - INFO - spearman:0.7899669655315287
2024-09-05 03:30:03,954 - Model - INFO - ----------
2024-09-05 03:30:03,954 - Model - INFO - params:{'model_type': 'HF1', 'em_drop': 0.2, 'rnn_drop': 0.6, 'rnn_rec_drop': 0.6, 'fc_drop': 0.5, 'batch_size': 30, 'epochs': 20, 'em_dim': 24, 'rnn_units': 50, 'fc_num_hidden_layers': 5, 'fc_num_units': 60, 'fc_activation': 1, 'optimizer': 6}
2024-09-05 03:30:03,954 - Model - INFO - spearman:nan
2024-09-05 04:34:07,013 - Model - INFO - ----------
2024-09-05 04:34:07,013 - Model - INFO - params:{'model_type': 'HF1', 'em_drop': 0.1, 'rnn_drop': 0.6, 'rnn_rec_drop': 0.5, 'fc_drop': 0.4, 'batch_size': 30, 'epochs': 25, 'em_dim': 28, 'rnn_units': 240, 'fc_num_hidden_layers': 6, 'fc_num_units': 100, 'fc_activation': 3, 'optimizer': 0}
2024-09-05 04:34:07,013 - Model - INFO - spearman:-0.0025523450228582263
2024-09-05 04:55:17,331 - Model - INFO - ----------
2024-09-05 04:55:17,331 - Model - INFO - params:{'model_type': 'HF1', 'em_drop': 0.3, 'rnn_drop': 0.7, 'rnn_rec_drop': 0.1, 'fc_drop': 0.6, 'batch_size': 90, 'epochs': 45, 'em_dim': 44, 'rnn_units': 180, 'fc_num_hidden_layers': 3, 'fc_num_units': 400, 'fc_activation': 0, 'optimizer': 0}
2024-09-05 04:55:17,331 - Model - INFO - spearman:0.6502270818413676
2024-09-05 05:20:16,557 - Model - INFO - ----------
2024-09-05 05:20:16,557 - Model - INFO - params:{'model_type': 'HF1', 'em_drop': 0.3, 'rnn_drop': 0.5, 'rnn_rec_drop': 0.1, 'fc_drop': 0.1, 'batch_size': 90, 'epochs': 30, 'em_dim': 44, 'rnn_units': 140, 'fc_num_hidden_layers': 3, 'fc_num_units': 400, 'fc_activation': 3, 'optimizer': 2}
2024-09-05 05:20:16,557 - Model - INFO - spearman:nan
2024-09-05 08:46:37,588 - Model - INFO - ----------
2024-09-05 08:46:37,588 - Model - INFO - params:{'model_type': 'HF1', 'em_drop': 0.1, 'rnn_drop': 0.1, 'rnn_rec_drop': 0.7, 'fc_drop': 0.4, 'batch_size': 20, 'epochs': 55, 'em_dim': 16, 'rnn_units': 20, 'fc_num_hidden_layers': 2, 'fc_num_units': 50, 'fc_activation': 3, 'optimizer': 3}
2024-09-05 08:46:37,588 - Model - INFO - spearman:0.16094404810999244
2024-09-05 08:59:20,934 - Model - INFO - ----------
2024-09-05 08:59:20,935 - Model - INFO - params:{'model_type': 'HF1', 'em_drop': 0.1, 'rnn_drop': 0.1, 'rnn_rec_drop': 0.4, 'fc_drop': 0.7, 'batch_size': 100, 'epochs': 25, 'em_dim': 28, 'rnn_units': 120, 'fc_num_hidden_layers': 3, 'fc_num_units': 340, 'fc_activation': 3, 'optimizer': 2}
2024-09-05 08:59:20,935 - Model - INFO - spearman:-0.19783835346354506
2024-09-05 10:15:54,309 - Model - INFO - ----------
2024-09-05 10:15:54,309 - Model - INFO - params:{'model_type': 'HF1', 'em_drop': 0.3, 'rnn_drop': 0.4, 'rnn_rec_drop': 0.1, 'fc_drop': 0.1, 'batch_size': 40, 'epochs': 40, 'em_dim': 52, 'rnn_units': 160, 'fc_num_hidden_layers': 5, 'fc_num_units': 380, 'fc_activation': 2, 'optimizer': 3}
2024-09-05 10:15:54,309 - Model - INFO - spearman:0.6525149386936583
2024-09-05 10:37:27,037 - Model - INFO - ----------
2024-09-05 10:37:27,037 - Model - INFO - params:{'model_type': 'HF1', 'em_drop': 0.1, 'rnn_drop': 0.4, 'rnn_rec_drop': 0.4, 'fc_drop': 0.6, 'batch_size': 70, 'epochs': 20, 'em_dim': 52, 'rnn_units': 20, 'fc_num_hidden_layers': 3, 'fc_num_units': 50, 'fc_activation': 1, 'optimizer': 0}
2024-09-05 10:37:27,037 - Model - INFO - spearman:0.7331666147476695
2024-09-05 10:50:47,805 - Model - INFO - ----------
2024-09-05 10:50:47,806 - Model - INFO - params:{'model_type': 'HF1', 'em_drop': 0.2, 'rnn_drop': 0.6, 'rnn_rec_drop': 0.4, 'fc_drop': 0.2, 'batch_size': 80, 'epochs': 25, 'em_dim': 32, 'rnn_units': 100, 'fc_num_hidden_layers': 3, 'fc_num_units': 320, 'fc_activation': 4, 'optimizer': 5}
2024-09-05 10:50:47,806 - Model - INFO - spearman:0.13528189455947343
2024-09-05 11:56:39,488 - Model - INFO - ----------
2024-09-05 11:56:39,488 - Model - INFO - params:{'model_type': 'HF1', 'em_drop': 0.1, 'rnn_drop': 0.4, 'rnn_rec_drop': 0.2, 'fc_drop': 0.7, 'batch_size': 40, 'epochs': 35, 'em_dim': 68, 'rnn_units': 20, 'fc_num_hidden_layers': 6, 'fc_num_units': 240, 'fc_activation': 3, 'optimizer': 4}
2024-09-05 11:56:39,488 - Model - INFO - spearman:-0.04471285902102553
2024-09-05 12:48:01,667 - Model - INFO - ----------
2024-09-05 12:48:01,667 - Model - INFO - params:{'model_type': 'HF1', 'em_drop': 0.2, 'rnn_drop': 0.1, 'rnn_rec_drop': 0.5, 'fc_drop': 0.2, 'batch_size': 50, 'epochs': 35, 'em_dim': 56, 'rnn_units': 60, 'fc_num_hidden_layers': 4, 'fc_num_units': 100, 'fc_activation': 0, 'optimizer': 1}
2024-09-05 12:48:01,667 - Model - INFO - spearman:0.519381319463093
2024-09-05 13:26:27,635 - Model - INFO - ----------
2024-09-05 13:26:27,635 - Model - INFO - params:{'model_type': 'HF1', 'em_drop': 0.1, 'rnn_drop': 0.7, 'rnn_rec_drop': 0.5, 'fc_drop': 0.2, 'batch_size': 40, 'epochs': 20, 'em_dim': 52, 'rnn_units': 90, 'fc_num_hidden_layers': 1, 'fc_num_units': 380, 'fc_activation': 4, 'optimizer': 0}
2024-09-05 13:26:27,635 - Model - INFO - spearman:0.7859972234770052
2024-09-05 14:13:10,094 - Model - INFO - ----------
2024-09-05 14:13:10,094 - Model - INFO - params:{'model_type': 'HF1', 'em_drop': 0.2, 'rnn_drop': 0.7, 'rnn_rec_drop': 0.6, 'fc_drop': 0.5, 'batch_size': 40, 'epochs': 25, 'em_dim': 24, 'rnn_units': 120, 'fc_num_hidden_layers': 1, 'fc_num_units': 90, 'fc_activation': 1, 'optimizer': 3}
2024-09-05 14:13:10,094 - Model - INFO - spearman:0.447277775931841
2024-09-05 14:31:55,662 - Model - INFO - ----------
2024-09-05 14:31:55,662 - Model - INFO - params:{'model_type': 'HF1', 'em_drop': 0.3, 'rnn_drop': 0.4, 'rnn_rec_drop': 0.1, 'fc_drop': 0.7, 'batch_size': 80, 'epochs': 55, 'em_dim': 16, 'rnn_units': 40, 'fc_num_hidden_layers': 2, 'fc_num_units': 50, 'fc_activation': 3, 'optimizer': 6}
2024-09-05 14:31:55,662 - Model - INFO - spearman:nan
2024-09-05 14:53:37,729 - Model - INFO - ----------
2024-09-05 14:53:37,729 - Model - INFO - params:{'model_type': 'HF1', 'em_drop': 0.2, 'rnn_drop': 0.4, 'rnn_rec_drop': 0.2, 'fc_drop': 0.5, 'batch_size': 50, 'epochs': 50, 'em_dim': 20, 'rnn_units': 70, 'fc_num_hidden_layers': 2, 'fc_num_units': 50, 'fc_activation': 4, 'optimizer': 5}
2024-09-05 14:53:37,729 - Model - INFO - spearman:nan
2024-09-05 15:40:26,772 - Model - INFO - ----------
2024-09-05 15:40:26,773 - Model - INFO - params:{'model_type': 'HF1', 'em_drop': 0.1, 'rnn_drop': 0.4, 'rnn_rec_drop': 0.1, 'fc_drop': 0.7, 'batch_size': 90, 'epochs': 55, 'em_dim': 20, 'rnn_units': 50, 'fc_num_hidden_layers': 3, 'fc_num_units': 260, 'fc_activation': 1, 'optimizer': 4}
2024-09-05 15:40:26,773 - Model - INFO - spearman:0.37874454847782557
2024-09-05 16:56:01,864 - Model - INFO - ----------
2024-09-05 16:56:01,864 - Model - INFO - params:{'model_type': 'HF1', 'em_drop': 0.1, 'rnn_drop': 0.4, 'rnn_rec_drop': 0.7, 'fc_drop': 0.4, 'batch_size': 50, 'epochs': 50, 'em_dim': 44, 'rnn_units': 200, 'fc_num_hidden_layers': 1, 'fc_num_units': 80, 'fc_activation': 2, 'optimizer': 3}
2024-09-05 16:56:01,864 - Model - INFO - spearman:0.5380389501446133
2024-09-05 19:30:39,700 - Model - INFO - ----------
2024-09-05 19:30:39,700 - Model - INFO - params:{'model_type': 'HF1', 'em_drop': 0.1, 'rnn_drop': 0.1, 'rnn_rec_drop': 0.2, 'fc_drop': 0.6, 'batch_size': 20, 'epochs': 40, 'em_dim': 32, 'rnn_units': 220, 'fc_num_hidden_layers': 4, 'fc_num_units': 220, 'fc_activation': 4, 'optimizer': 4}
2024-09-05 19:30:39,700 - Model - INFO - spearman:-0.012763728331578204
2024-09-05 20:11:38,680 - Model - INFO - ----------
2024-09-05 20:11:38,680 - Model - INFO - params:{'model_type': 'HF1', 'em_drop': 0.3, 'rnn_drop': 0.7, 'rnn_rec_drop': 0.2, 'fc_drop': 0.5, 'batch_size': 80, 'epochs': 35, 'em_dim': 44, 'rnn_units': 240, 'fc_num_hidden_layers': 6, 'fc_num_units': 300, 'fc_activation': 2, 'optimizer': 4}
2024-09-05 20:11:38,680 - Model - INFO - spearman:0.49708839551301937
